0 info it worked if it ends with ok
1 verbose cli [ '/usr/local/bin/node', '/usr/local/bin/npm', 'i', '-S', 'jwt' ]
2 info using npm@3.10.3
3 info using node@v6.1.0
4 silly loadCurrentTree Starting
5 silly install loadCurrentTree
6 silly install readLocalPackageData
7 silly fetchPackageMetaData jwt
8 silly fetchNamedPackageData jwt
9 silly mapToRegistry name jwt
10 silly mapToRegistry using default registry
11 silly mapToRegistry registry https://registry.npmjs.org/
12 silly mapToRegistry data Result {
12 silly mapToRegistry   raw: 'jwt',
12 silly mapToRegistry   scope: null,
12 silly mapToRegistry   escapedName: 'jwt',
12 silly mapToRegistry   name: 'jwt',
12 silly mapToRegistry   rawSpec: '',
12 silly mapToRegistry   spec: 'latest',
12 silly mapToRegistry   type: 'tag' }
13 silly mapToRegistry uri https://registry.npmjs.org/jwt
14 verbose request uri https://registry.npmjs.org/jwt
15 verbose request no auth needed
16 info attempt registry request try #1 at 5:52:22 PM
17 verbose request id 2c1c31e43ede3959
18 http request GET https://registry.npmjs.org/jwt
19 http 200 https://registry.npmjs.org/jwt
20 verbose headers { server: 'nginx/1.10.1',
20 verbose headers   'content-type': 'application/json',
20 verbose headers   'last-modified': 'Thu, 15 Dec 2016 06:28:42 GMT',
20 verbose headers   etag: 'W/"5852381a-1435"',
20 verbose headers   'content-encoding': 'gzip',
20 verbose headers   'cache-control': 'max-age=300',
20 verbose headers   'content-length': '2281',
20 verbose headers   'accept-ranges': 'bytes',
20 verbose headers   date: 'Tue, 27 Dec 2016 22:52:22 GMT',
20 verbose headers   via: '1.1 varnish',
20 verbose headers   age: '0',
20 verbose headers   connection: 'keep-alive',
20 verbose headers   'x-served-by': 'cache-mia1325-MIA',
20 verbose headers   'x-cache': 'MISS',
20 verbose headers   'x-cache-hits': '0',
20 verbose headers   'x-timer': 'S1482879142.562208,VS0,VE165',
20 verbose headers   vary: 'Accept-Encoding' }
21 silly get cb [ 200,
21 silly get   { server: 'nginx/1.10.1',
21 silly get     'content-type': 'application/json',
21 silly get     'last-modified': 'Thu, 15 Dec 2016 06:28:42 GMT',
21 silly get     etag: 'W/"5852381a-1435"',
21 silly get     'content-encoding': 'gzip',
21 silly get     'cache-control': 'max-age=300',
21 silly get     'content-length': '2281',
21 silly get     'accept-ranges': 'bytes',
21 silly get     date: 'Tue, 27 Dec 2016 22:52:22 GMT',
21 silly get     via: '1.1 varnish',
21 silly get     age: '0',
21 silly get     connection: 'keep-alive',
21 silly get     'x-served-by': 'cache-mia1325-MIA',
21 silly get     'x-cache': 'MISS',
21 silly get     'x-cache-hits': '0',
21 silly get     'x-timer': 'S1482879142.562208,VS0,VE165',
21 silly get     vary: 'Accept-Encoding' } ]
22 verbose get saving jwt to /Users/dev/.npm/registry.npmjs.org/jwt/.cache.json
23 verbose correctMkdir /Users/dev/.npm correctMkdir not in flight; initializing
24 silly install normalizeTree
25 silly loadCurrentTree Finishing
26 silly loadIdealTree Starting
27 silly install loadIdealTree
28 silly cloneCurrentTree Starting
29 silly install cloneCurrentTreeToIdealTree
30 silly cloneCurrentTree Finishing
31 silly loadShrinkwrap Starting
32 silly install loadShrinkwrap
33 silly loadShrinkwrap Finishing
34 silly loadAllDepsIntoIdealTree Starting
35 silly install loadAllDepsIntoIdealTree
36 silly resolveWithNewModule jwt@0.2.0 checking installable status
37 silly cache add args [ 'jwt', null ]
38 verbose cache add spec jwt
39 silly cache add parsed spec Result {
39 silly cache add   raw: 'jwt',
39 silly cache add   scope: null,
39 silly cache add   escapedName: 'jwt',
39 silly cache add   name: 'jwt',
39 silly cache add   rawSpec: '',
39 silly cache add   spec: 'latest',
39 silly cache add   type: 'tag' }
40 silly addNamed jwt@latest
41 verbose addNamed "latest" is being treated as a dist-tag for jwt
42 info addNameTag [ 'jwt', 'latest' ]
43 silly mapToRegistry name jwt
44 silly mapToRegistry using default registry
45 silly mapToRegistry registry https://registry.npmjs.org/
46 silly mapToRegistry data Result {
46 silly mapToRegistry   raw: 'jwt',
46 silly mapToRegistry   scope: null,
46 silly mapToRegistry   escapedName: 'jwt',
46 silly mapToRegistry   name: 'jwt',
46 silly mapToRegistry   rawSpec: '',
46 silly mapToRegistry   spec: 'latest',
46 silly mapToRegistry   type: 'tag' }
47 silly mapToRegistry uri https://registry.npmjs.org/jwt
48 verbose addNameTag registry:https://registry.npmjs.org/jwt not in flight; fetching
49 verbose get https://registry.npmjs.org/jwt not expired, no request
50 silly addNameTag next cb for jwt with tag latest
51 silly addNamed jwt@0.2.0
52 verbose addNamed "0.2.0" is a plain semver version for jwt
53 silly mapToRegistry name jwt
54 silly mapToRegistry using default registry
55 silly mapToRegistry registry https://registry.npmjs.org/
56 silly mapToRegistry data Result {
56 silly mapToRegistry   raw: 'jwt',
56 silly mapToRegistry   scope: null,
56 silly mapToRegistry   escapedName: 'jwt',
56 silly mapToRegistry   name: 'jwt',
56 silly mapToRegistry   rawSpec: '',
56 silly mapToRegistry   spec: 'latest',
56 silly mapToRegistry   type: 'tag' }
57 silly mapToRegistry uri https://registry.npmjs.org/jwt
58 verbose addRemoteTarball https://registry.npmjs.org/jwt/-/jwt-0.2.0.tgz not in flight; adding
59 verbose addRemoteTarball [ 'https://registry.npmjs.org/jwt/-/jwt-0.2.0.tgz',
59 verbose addRemoteTarball   '4c9ad46bc84bfeaf91556ecce7c57aa578cbc8b8' ]
60 info retry fetch attempt 1 at 5:52:23 PM
61 info attempt registry request try #1 at 5:52:23 PM
62 http fetch GET https://registry.npmjs.org/jwt/-/jwt-0.2.0.tgz
63 http fetch 200 https://registry.npmjs.org/jwt/-/jwt-0.2.0.tgz
64 silly fetchAndShaCheck shasum 4c9ad46bc84bfeaf91556ecce7c57aa578cbc8b8
65 verbose addTmpTarball /var/folders/pw/wdh3mn116l9cz751ms61vpj00000gn/T/npm-39638-e562cf3d/registry.npmjs.org/jwt/-/jwt-0.2.0.tgz not in flight; adding
66 verbose addTmpTarball already have metadata; skipping unpack for jwt@0.2.0
67 verbose correctMkdir /Users/dev/.npm correctMkdir not in flight; initializing
68 silly cache afterAdd jwt@0.2.0
69 verbose afterAdd /Users/dev/.npm/jwt/0.2.0/package/package.json not in flight; writing
70 verbose correctMkdir /Users/dev/.npm correctMkdir not in flight; initializing
71 verbose afterAdd /Users/dev/.npm/jwt/0.2.0/package/package.json written
72 silly fetchNamedPackageData node-base64
73 silly mapToRegistry name node-base64
74 silly mapToRegistry using default registry
75 silly mapToRegistry registry https://registry.npmjs.org/
76 silly mapToRegistry data Result {
76 silly mapToRegistry   raw: 'node-base64',
76 silly mapToRegistry   scope: null,
76 silly mapToRegistry   escapedName: 'node-base64',
76 silly mapToRegistry   name: 'node-base64',
76 silly mapToRegistry   rawSpec: '',
76 silly mapToRegistry   spec: 'latest',
76 silly mapToRegistry   type: 'tag' }
77 silly mapToRegistry uri https://registry.npmjs.org/node-base64
78 verbose request uri https://registry.npmjs.org/node-base64
79 verbose request no auth needed
80 info attempt registry request try #1 at 5:52:23 PM
81 http request GET https://registry.npmjs.org/node-base64
82 http 200 https://registry.npmjs.org/node-base64
83 verbose headers { server: 'nginx/1.10.1',
83 verbose headers   'content-type': 'application/json',
83 verbose headers   'last-modified': 'Fri, 15 Apr 2011 21:27:51 GMT',
83 verbose headers   etag: 'W/"4da8b857-40a"',
83 verbose headers   'content-encoding': 'gzip',
83 verbose headers   'cache-control': 'max-age=300',
83 verbose headers   'content-length': '522',
83 verbose headers   'accept-ranges': 'bytes',
83 verbose headers   date: 'Tue, 27 Dec 2016 22:52:23 GMT',
83 verbose headers   via: '1.1 varnish',
83 verbose headers   age: '0',
83 verbose headers   connection: 'keep-alive',
83 verbose headers   'x-served-by': 'cache-mia1325-MIA',
83 verbose headers   'x-cache': 'MISS',
83 verbose headers   'x-cache-hits': '0',
83 verbose headers   'x-timer': 'S1482879143.924775,VS0,VE52',
83 verbose headers   vary: 'Accept-Encoding' }
84 silly get cb [ 200,
84 silly get   { server: 'nginx/1.10.1',
84 silly get     'content-type': 'application/json',
84 silly get     'last-modified': 'Fri, 15 Apr 2011 21:27:51 GMT',
84 silly get     etag: 'W/"4da8b857-40a"',
84 silly get     'content-encoding': 'gzip',
84 silly get     'cache-control': 'max-age=300',
84 silly get     'content-length': '522',
84 silly get     'accept-ranges': 'bytes',
84 silly get     date: 'Tue, 27 Dec 2016 22:52:23 GMT',
84 silly get     via: '1.1 varnish',
84 silly get     age: '0',
84 silly get     connection: 'keep-alive',
84 silly get     'x-served-by': 'cache-mia1325-MIA',
84 silly get     'x-cache': 'MISS',
84 silly get     'x-cache-hits': '0',
84 silly get     'x-timer': 'S1482879143.924775,VS0,VE52',
84 silly get     vary: 'Accept-Encoding' } ]
85 verbose get saving node-base64 to /Users/dev/.npm/registry.npmjs.org/node-base64/.cache.json
86 verbose correctMkdir /Users/dev/.npm correctMkdir not in flight; initializing
87 silly resolveWithNewModule node-base64@0.0.1 checking installable status
88 silly cache add args [ 'node-base64@0.0.1', null ]
89 verbose cache add spec node-base64@0.0.1
90 silly cache add parsed spec Result {
90 silly cache add   raw: 'node-base64@0.0.1',
90 silly cache add   scope: null,
90 silly cache add   escapedName: 'node-base64',
90 silly cache add   name: 'node-base64',
90 silly cache add   rawSpec: '0.0.1',
90 silly cache add   spec: '0.0.1',
90 silly cache add   type: 'version' }
91 silly addNamed node-base64@0.0.1
92 verbose addNamed "0.0.1" is a plain semver version for node-base64
93 silly mapToRegistry name node-base64
94 silly mapToRegistry using default registry
95 silly mapToRegistry registry https://registry.npmjs.org/
96 silly mapToRegistry data Result {
96 silly mapToRegistry   raw: 'node-base64',
96 silly mapToRegistry   scope: null,
96 silly mapToRegistry   escapedName: 'node-base64',
96 silly mapToRegistry   name: 'node-base64',
96 silly mapToRegistry   rawSpec: '',
96 silly mapToRegistry   spec: 'latest',
96 silly mapToRegistry   type: 'tag' }
97 silly mapToRegistry uri https://registry.npmjs.org/node-base64
98 verbose addNameVersion registry:https://registry.npmjs.org/node-base64 not in flight; fetching
99 verbose get https://registry.npmjs.org/node-base64 not expired, no request
100 silly mapToRegistry name node-base64
101 silly mapToRegistry using default registry
102 silly mapToRegistry registry https://registry.npmjs.org/
103 silly mapToRegistry data Result {
103 silly mapToRegistry   raw: 'node-base64',
103 silly mapToRegistry   scope: null,
103 silly mapToRegistry   escapedName: 'node-base64',
103 silly mapToRegistry   name: 'node-base64',
103 silly mapToRegistry   rawSpec: '',
103 silly mapToRegistry   spec: 'latest',
103 silly mapToRegistry   type: 'tag' }
104 silly mapToRegistry uri https://registry.npmjs.org/node-base64
105 verbose addRemoteTarball https://registry.npmjs.org/node-base64/-/node-base64-0.0.1.tgz not in flight; adding
106 verbose addRemoteTarball [ 'https://registry.npmjs.org/node-base64/-/node-base64-0.0.1.tgz',
106 verbose addRemoteTarball   'ee3e095f97e9f4d72fb3dea98bcb2d25c8716b03' ]
107 info retry fetch attempt 1 at 5:52:24 PM
108 info attempt registry request try #1 at 5:52:24 PM
109 http fetch GET https://registry.npmjs.org/node-base64/-/node-base64-0.0.1.tgz
110 http fetch 200 https://registry.npmjs.org/node-base64/-/node-base64-0.0.1.tgz
111 silly fetchAndShaCheck shasum ee3e095f97e9f4d72fb3dea98bcb2d25c8716b03
112 verbose addTmpTarball /var/folders/pw/wdh3mn116l9cz751ms61vpj00000gn/T/npm-39638-e562cf3d/registry.npmjs.org/node-base64/-/node-base64-0.0.1.tgz not in flight; adding
113 verbose addTmpTarball already have metadata; skipping unpack for node-base64@0.0.1
114 verbose correctMkdir /Users/dev/.npm correctMkdir not in flight; initializing
115 silly cache afterAdd node-base64@0.0.1
116 verbose afterAdd /Users/dev/.npm/node-base64/0.0.1/package/package.json not in flight; writing
117 verbose correctMkdir /Users/dev/.npm correctMkdir not in flight; initializing
118 verbose afterAdd /Users/dev/.npm/node-base64/0.0.1/package/package.json written
119 silly loadAllDepsIntoIdealTree Finishing
120 silly loadIdealTree Finishing
121 silly currentTree tbd@1.0.0
121 silly currentTree ├── abab@1.0.3
121 silly currentTree ├── abbrev@1.0.9
121 silly currentTree ├── accepts@1.3.3
121 silly currentTree ├── acorn-globals@1.0.9
121 silly currentTree ├── acorn@2.7.0
121 silly currentTree ├── align-text@0.1.4
121 silly currentTree ├── alphanum-sort@1.0.2
121 silly currentTree ├── amdefine@1.0.0
121 silly currentTree ├── ansi-escapes@1.4.0
121 silly currentTree ├── ansi-regex@2.0.0
121 silly currentTree ├── ansi-styles@2.2.1
121 silly currentTree ├── ansicolors@0.2.1
121 silly currentTree ├── append-field@0.1.0
121 silly currentTree ├── append-transform@0.3.0
121 silly currentTree ├── aproba@1.0.4
121 silly currentTree ├─┬ are-we-there-yet@1.1.2
121 silly currentTree │ ├── isarray@1.0.0
121 silly currentTree │ └── readable-stream@2.1.5
121 silly currentTree ├── argparse@1.0.9
121 silly currentTree ├── arr-diff@2.0.0
121 silly currentTree ├── arr-flatten@1.0.1
121 silly currentTree ├── array-differ@1.0.0
121 silly currentTree ├── array-equal@1.0.0
121 silly currentTree ├── array-find-index@1.0.2
121 silly currentTree ├── array-flatten@1.1.1
121 silly currentTree ├── array-index@1.0.0
121 silly currentTree ├── array-union@1.0.2
121 silly currentTree ├── array-uniq@1.0.3
121 silly currentTree ├── array-unique@0.2.1
121 silly currentTree ├── arrify@1.0.1
121 silly currentTree ├── asap@2.0.5
121 silly currentTree ├── asn1@0.2.3
121 silly currentTree ├── assert-plus@0.2.0
121 silly currentTree ├── assertion-error@1.0.2
121 silly currentTree ├── async-foreach@0.1.3
121 silly currentTree ├── async.ensureasync@0.5.2
121 silly currentTree ├── async.queue@0.5.2
121 silly currentTree ├── async.util.arrayeach@0.5.2
121 silly currentTree ├── async.util.ensureasync@0.5.2
121 silly currentTree ├── async.util.isarray@0.5.2
121 silly currentTree ├── async.util.map@0.5.2
121 silly currentTree ├── async.util.noop@0.5.2
121 silly currentTree ├── async.util.onlyonce@0.5.2
121 silly currentTree ├── async.util.queue@0.5.2
121 silly currentTree ├── async.util.restparam@0.5.2
121 silly currentTree ├── async.util.setimmediate@0.5.2
121 silly currentTree ├── async@1.5.2
121 silly currentTree ├── asynckit@0.4.0
121 silly currentTree ├── autoprefixer@6.5.1
121 silly currentTree ├── aws-sign2@0.6.0
121 silly currentTree ├── aws4@1.5.0
121 silly currentTree ├── axios@0.15.2
121 silly currentTree ├─┬ babel-code-frame@6.16.0
121 silly currentTree │ └── js-tokens@2.0.0
121 silly currentTree ├── babel-core@6.17.0
121 silly currentTree ├── babel-generator@6.17.0
121 silly currentTree ├── babel-helper-builder-react-jsx@6.9.0
121 silly currentTree ├── babel-helper-call-delegate@6.8.0
121 silly currentTree ├── babel-helper-define-map@6.9.0
121 silly currentTree ├── babel-helper-function-name@6.8.0
121 silly currentTree ├── babel-helper-get-function-arity@6.8.0
121 silly currentTree ├── babel-helper-hoist-variables@6.8.0
121 silly currentTree ├── babel-helper-optimise-call-expression@6.8.0
121 silly currentTree ├── babel-helper-regex@6.9.0
121 silly currentTree ├── babel-helper-replace-supers@6.16.0
121 silly currentTree ├── babel-helpers@6.16.0
121 silly currentTree ├── babel-jest@16.0.0
121 silly currentTree ├── babel-loader@6.2.5
121 silly currentTree ├── babel-messages@6.8.0
121 silly currentTree ├── babel-plugin-check-es2015-constants@6.8.0
121 silly currentTree ├── babel-plugin-istanbul@2.0.3
121 silly currentTree ├── babel-plugin-jest-hoist@16.0.0
121 silly currentTree ├── babel-plugin-syntax-flow@6.13.0
121 silly currentTree ├── babel-plugin-syntax-jsx@6.13.0
121 silly currentTree ├── babel-plugin-syntax-object-rest-spread@6.13.0
121 silly currentTree ├── babel-plugin-transform-es2015-arrow-functions@6.8.0
121 silly currentTree ├── babel-plugin-transform-es2015-block-scoped-functions@6.8.0
121 silly currentTree ├── babel-plugin-transform-es2015-block-scoping@6.15.0
121 silly currentTree ├── babel-plugin-transform-es2015-classes@6.14.0
121 silly currentTree ├── babel-plugin-transform-es2015-computed-properties@6.8.0
121 silly currentTree ├── babel-plugin-transform-es2015-destructuring@6.16.0
121 silly currentTree ├── babel-plugin-transform-es2015-duplicate-keys@6.8.0
121 silly currentTree ├── babel-plugin-transform-es2015-for-of@6.8.0
121 silly currentTree ├── babel-plugin-transform-es2015-function-name@6.9.0
121 silly currentTree ├── babel-plugin-transform-es2015-literals@6.8.0
121 silly currentTree ├── babel-plugin-transform-es2015-modules-amd@6.8.0
121 silly currentTree ├── babel-plugin-transform-es2015-modules-commonjs@6.16.0
121 silly currentTree ├── babel-plugin-transform-es2015-modules-systemjs@6.14.0
121 silly currentTree ├── babel-plugin-transform-es2015-modules-umd@6.12.0
121 silly currentTree ├── babel-plugin-transform-es2015-object-super@6.8.0
121 silly currentTree ├── babel-plugin-transform-es2015-parameters@6.17.0
121 silly currentTree ├── babel-plugin-transform-es2015-shorthand-properties@6.8.0
121 silly currentTree ├── babel-plugin-transform-es2015-spread@6.8.0
121 silly currentTree ├── babel-plugin-transform-es2015-sticky-regex@6.8.0
121 silly currentTree ├── babel-plugin-transform-es2015-template-literals@6.8.0
121 silly currentTree ├── babel-plugin-transform-es2015-typeof-symbol@6.8.0
121 silly currentTree ├─┬ babel-plugin-transform-es2015-unicode-regex@6.11.0
121 silly currentTree │ └── regexpu-core@2.0.0
121 silly currentTree ├── babel-plugin-transform-flow-strip-types@6.14.0
121 silly currentTree ├── babel-plugin-transform-object-rest-spread@6.16.0
121 silly currentTree ├── babel-plugin-transform-react-display-name@6.8.0
121 silly currentTree ├── babel-plugin-transform-react-jsx-self@6.11.0
121 silly currentTree ├── babel-plugin-transform-react-jsx-source@6.9.0
121 silly currentTree ├── babel-plugin-transform-react-jsx@6.8.0
121 silly currentTree ├── babel-plugin-transform-regenerator@6.16.1
121 silly currentTree ├── babel-plugin-transform-strict-mode@6.11.3
121 silly currentTree ├── babel-preset-es2015@6.16.0
121 silly currentTree ├── babel-preset-jest@16.0.0
121 silly currentTree ├── babel-preset-react@6.16.0
121 silly currentTree ├─┬ babel-register@6.16.3
121 silly currentTree │ └── core-js@2.4.1
121 silly currentTree ├─┬ babel-runtime@6.11.6
121 silly currentTree │ └── core-js@2.4.1
121 silly currentTree ├── babel-template@6.16.0
121 silly currentTree ├── babel-traverse@6.16.0
121 silly currentTree ├── babel-types@6.16.0
121 silly currentTree ├── babel@6.5.2
121 silly currentTree ├── babylon@6.12.0
121 silly currentTree ├── balanced-match@0.4.2
121 silly currentTree ├── base64-url@1.3.2
121 silly currentTree ├─┬ base64url@1.0.6
121 silly currentTree │ ├── camelcase-keys@1.0.0
121 silly currentTree │ ├── camelcase@1.2.1
121 silly currentTree │ ├── indent-string@1.2.2
121 silly currentTree │ ├── meow@2.0.0
121 silly currentTree │ └── object-assign@1.0.0
121 silly currentTree ├── bcrypt-pbkdf@1.0.0
121 silly currentTree ├── big.js@3.1.3
121 silly currentTree ├── bignumber.js@2.3.0
121 silly currentTree ├─┬ bl@1.1.2
121 silly currentTree │ ├── isarray@1.0.0
121 silly currentTree │ └── readable-stream@2.0.6
121 silly currentTree ├── block-stream@0.0.9
121 silly currentTree ├── bluebird@3.4.6
121 silly currentTree ├── body-parser@1.15.2
121 silly currentTree ├── boom@2.10.1
121 silly currentTree ├── bottleneck@1.15.0
121 silly currentTree ├── brace-expansion@1.1.6
121 silly currentTree ├── braces@1.8.5
121 silly currentTree ├── browser-resolve@1.11.2
121 silly currentTree ├── browserslist@1.4.0
121 silly currentTree ├── bser@1.0.2
121 silly currentTree ├── buffer-equal-constant-time@1.0.1
121 silly currentTree ├── buffer-shims@1.0.0
121 silly currentTree ├── builtin-modules@1.1.1
121 silly currentTree ├── busboy@0.2.13
121 silly currentTree ├── bytes@2.4.0
121 silly currentTree ├── callsites@2.0.0
121 silly currentTree ├── camelcase-keys@2.1.0
121 silly currentTree ├── camelcase@2.1.1
121 silly currentTree ├── caniuse-db@1.0.30000565
121 silly currentTree ├── cardinal@1.0.0
121 silly currentTree ├── caseless@0.11.0
121 silly currentTree ├── center-align@0.1.3
121 silly currentTree ├── chai@3.5.0
121 silly currentTree ├── chalk@1.1.3
121 silly currentTree ├── ci-info@1.0.0
121 silly currentTree ├── clap@1.1.1
121 silly currentTree ├─┬ cli-table@0.3.1
121 silly currentTree │ └── colors@1.0.3
121 silly currentTree ├── cli-usage@0.1.4
121 silly currentTree ├── cliui@3.2.0
121 silly currentTree ├── clone@1.0.2
121 silly currentTree ├── coa@1.0.1
121 silly currentTree ├── code-point-at@1.0.1
121 silly currentTree ├── color-convert@1.5.0
121 silly currentTree ├── color-name@1.1.1
121 silly currentTree ├── color-string@0.3.0
121 silly currentTree ├── color@0.11.3
121 silly currentTree ├── colormin@1.1.2
121 silly currentTree ├── colors@1.1.2
121 silly currentTree ├── combined-stream@1.0.5
121 silly currentTree ├── commander@2.9.0
121 silly currentTree ├── concat-map@0.0.1
121 silly currentTree ├── concat-stream@1.4.10
121 silly currentTree ├── console-control-strings@1.1.0
121 silly currentTree ├── content-disposition@0.5.1
121 silly currentTree ├── content-type-parser@1.0.1
121 silly currentTree ├── content-type@1.0.2
121 silly currentTree ├── convert-source-map@1.3.0
121 silly currentTree ├── cookie-signature@1.0.6
121 silly currentTree ├── cookie@0.3.1
121 silly currentTree ├── core-js@1.2.7
121 silly currentTree ├── core-util-is@1.0.2
121 silly currentTree ├── cross-env@3.1.3
121 silly currentTree ├── cross-spawn@3.0.1
121 silly currentTree ├── cryptiles@2.0.5
121 silly currentTree ├── css-color-names@0.0.4
121 silly currentTree ├── css-loader@0.25.0
121 silly currentTree ├── css-selector-tokenizer@0.6.0
121 silly currentTree ├── cssesc@0.1.0
121 silly currentTree ├── cssnano@3.8.0
121 silly currentTree ├── csso@2.2.1
121 silly currentTree ├── cssom@0.3.1
121 silly currentTree ├── cssstyle@0.2.37
121 silly currentTree ├── currently-unhandled@0.4.1
121 silly currentTree ├── d@0.1.1
121 silly currentTree ├─┬ dashdash@1.14.0
121 silly currentTree │ └── assert-plus@1.0.0
121 silly currentTree ├── debug@2.2.0
121 silly currentTree ├── decamelize@1.2.0
121 silly currentTree ├── deep-diff@0.3.4
121 silly currentTree ├─┬ deep-eql@0.1.3
121 silly currentTree │ └── type-detect@0.1.1
121 silly currentTree ├── deep-equal@1.0.1
121 silly currentTree ├── deep-is@0.1.3
121 silly currentTree ├── defined@1.0.0
121 silly currentTree ├── delayed-stream@1.0.0
121 silly currentTree ├── delegates@1.0.0
121 silly currentTree ├── depd@1.1.0
121 silly currentTree ├── destroy@1.0.4
121 silly currentTree ├── detect-indent@3.0.1
121 silly currentTree ├── dicer@0.2.5
121 silly currentTree ├── diff@3.0.1
121 silly currentTree ├── dottie@1.1.1
121 silly currentTree ├── ecc-jsbn@0.1.1
121 silly currentTree ├── ecdsa-sig-formatter@1.0.7
121 silly currentTree ├── ee-first@1.1.1
121 silly currentTree ├── emojis-list@2.1.0
121 silly currentTree ├── encodeurl@1.0.1
121 silly currentTree ├── encoding@0.1.12
121 silly currentTree ├── errno@0.1.4
121 silly currentTree ├── error-ex@1.3.0
121 silly currentTree ├── es5-ext@0.10.12
121 silly currentTree ├── es6-iterator@2.0.0
121 silly currentTree ├── es6-symbol@3.1.0
121 silly currentTree ├── escape-html@1.0.3
121 silly currentTree ├── escape-string-regexp@1.0.5
121 silly currentTree ├─┬ escodegen@1.8.1
121 silly currentTree │ └── source-map@0.2.0
121 silly currentTree ├── esprima@2.7.3
121 silly currentTree ├── estraverse@1.9.3
121 silly currentTree ├── esutils@2.0.2
121 silly currentTree ├── etag@1.7.0
121 silly currentTree ├── eventemitter3@2.0.2
121 silly currentTree ├── exec-sh@0.2.0
121 silly currentTree ├── expand-brackets@0.1.5
121 silly currentTree ├── expand-range@1.8.2
121 silly currentTree ├── express-jwt@5.1.0
121 silly currentTree ├── express-unless@0.3.0
121 silly currentTree ├── express@4.14.0
121 silly currentTree ├── extend@3.0.0
121 silly currentTree ├── extglob@0.3.2
121 silly currentTree ├── extsprintf@1.0.2
121 silly currentTree ├── fast-diff@1.1.1
121 silly currentTree ├── fast-levenshtein@2.0.5
121 silly currentTree ├── fastparse@1.1.1
121 silly currentTree ├── fb-watchman@1.9.0
121 silly currentTree ├── fbjs@0.8.5
121 silly currentTree ├── filename-regex@2.0.0
121 silly currentTree ├─┬ fileset@0.2.1
121 silly currentTree │ ├─┬ glob@5.0.15
121 silly currentTree │ │ └── minimatch@3.0.3
121 silly currentTree │ └── minimatch@2.0.10
121 silly currentTree ├── fill-range@2.2.3
121 silly currentTree ├── finalhandler@0.5.0
121 silly currentTree ├─┬ find-up@1.1.2
121 silly currentTree │ └── path-exists@2.1.0
121 silly currentTree ├── flatten@1.0.2
121 silly currentTree ├── follow-redirects@0.0.7
121 silly currentTree ├── for-in@0.1.6
121 silly currentTree ├── for-own@0.1.4
121 silly currentTree ├── forever-agent@0.6.1
121 silly currentTree ├── form-data@2.0.0
121 silly currentTree ├─┬ formatio@1.1.1
121 silly currentTree │ └── samsam@1.1.3
121 silly currentTree ├── forwarded@0.1.0
121 silly currentTree ├── fresh@0.3.0
121 silly currentTree ├── fs.realpath@1.0.0
121 silly currentTree ├── fstream@1.0.10
121 silly currentTree ├── function-bind@1.1.0
121 silly currentTree ├── gauge@2.6.0
121 silly currentTree ├── gaze@1.1.2
121 silly currentTree ├── generate-function@2.0.0
121 silly currentTree ├── generate-object-property@1.2.0
121 silly currentTree ├── generic-pool@2.4.2
121 silly currentTree ├── get-caller-file@1.0.2
121 silly currentTree ├── get-stdin@4.0.1
121 silly currentTree ├─┬ getpass@0.1.6
121 silly currentTree │ └── assert-plus@1.0.0
121 silly currentTree ├── glob-base@0.3.0
121 silly currentTree ├── glob-parent@2.0.0
121 silly currentTree ├── glob@7.1.1
121 silly currentTree ├── globals@8.18.0
121 silly currentTree ├─┬ globule@1.0.0
121 silly currentTree │ ├── glob@7.0.6
121 silly currentTree │ └── lodash@4.9.0
121 silly currentTree ├── graceful-fs@4.1.9
121 silly currentTree ├── graceful-readlink@1.0.1
121 silly currentTree ├── growly@1.3.0
121 silly currentTree ├─┬ handlebars@4.0.5
121 silly currentTree │ ├── camelcase@1.2.1
121 silly currentTree │ ├── cliui@2.1.0
121 silly currentTree │ ├── source-map@0.4.4
121 silly currentTree │ ├─┬ uglify-js@2.7.5
121 silly currentTree │ │ ├── async@0.2.10
121 silly currentTree │ │ └── source-map@0.5.6
121 silly currentTree │ ├── window-size@0.1.0
121 silly currentTree │ ├── wordwrap@0.0.2
121 silly currentTree │ └── yargs@3.10.0
121 silly currentTree ├── har-validator@2.0.6
121 silly currentTree ├── has-ansi@2.0.0
121 silly currentTree ├── has-color@0.1.7
121 silly currentTree ├── has-flag@1.0.0
121 silly currentTree ├── has-unicode@2.0.1
121 silly currentTree ├── has@1.0.1
121 silly currentTree ├── hawk@3.1.3
121 silly currentTree ├── hoek@2.16.3
121 silly currentTree ├── hoist-non-react-statics@1.2.0
121 silly currentTree ├── home-or-tmp@1.0.0
121 silly currentTree ├── hosted-git-info@2.1.5
121 silly currentTree ├── html-comment-regex@1.1.1
121 silly currentTree ├── html-encoding-sniffer@1.0.1
121 silly currentTree ├─┬ http-errors@1.5.0
121 silly currentTree │ └── inherits@2.0.1
121 silly currentTree ├── http-signature@1.1.1
121 silly currentTree ├── iconv-lite@0.4.13
121 silly currentTree ├── icss-replace-symbols@1.0.2
121 silly currentTree ├── immutable@3.8.1
121 silly currentTree ├── in-publish@2.0.0
121 silly currentTree ├─┬ indent-string@2.1.0
121 silly currentTree │ └── repeating@2.0.1
121 silly currentTree ├── indexes-of@1.0.1
121 silly currentTree ├── inflection@1.10.0
121 silly currentTree ├── inflight@1.0.6
121 silly currentTree ├── inherits@2.0.3
121 silly currentTree ├── invariant@2.2.1
121 silly currentTree ├── invert-kv@1.0.0
121 silly currentTree ├── ipaddr.js@1.1.1
121 silly currentTree ├── is-absolute-url@2.0.0
121 silly currentTree ├── is-arrayish@0.2.1
121 silly currentTree ├── is-buffer@1.1.4
121 silly currentTree ├── is-builtin-module@1.0.0
121 silly currentTree ├── is-ci@1.0.10
121 silly currentTree ├── is-dotfile@1.0.2
121 silly currentTree ├── is-equal-shallow@0.1.3
121 silly currentTree ├── is-extendable@0.1.1
121 silly currentTree ├── is-extglob@1.0.0
121 silly currentTree ├── is-finite@1.0.2
121 silly currentTree ├── is-fullwidth-code-point@1.0.0
121 silly currentTree ├── is-glob@2.0.1
121 silly currentTree ├── is-my-json-valid@2.15.0
121 silly currentTree ├── is-number@2.1.0
121 silly currentTree ├── is-plain-obj@1.1.0
121 silly currentTree ├── is-posix-bracket@0.1.1
121 silly currentTree ├── is-primitive@2.0.0
121 silly currentTree ├── is-property@1.0.2
121 silly currentTree ├── is-stream@1.1.0
121 silly currentTree ├── is-svg@2.0.1
121 silly currentTree ├── is-typedarray@1.0.0
121 silly currentTree ├── is-utf8@0.2.1
121 silly currentTree ├── isarray@0.0.1
121 silly currentTree ├── isemail@1.2.0
121 silly currentTree ├── isexe@1.1.2
121 silly currentTree ├─┬ isobject@2.1.0
121 silly currentTree │ └── isarray@1.0.0
121 silly currentTree ├── isomorphic-fetch@2.2.1
121 silly currentTree ├── isstream@0.1.2
121 silly currentTree ├── istanbul-api@1.0.0-aplha.10
121 silly currentTree ├── istanbul-lib-coverage@1.0.0
121 silly currentTree ├── istanbul-lib-hook@1.0.0-alpha.4
121 silly currentTree ├─┬ istanbul-lib-instrument@1.1.4
121 silly currentTree │ └── babylon@6.13.0
121 silly currentTree ├─┬ istanbul-lib-report@1.0.0-alpha.3
121 silly currentTree │ └── supports-color@3.1.2
121 silly currentTree ├── istanbul-lib-source-maps@1.0.2
121 silly currentTree ├── istanbul-reports@1.0.0
121 silly currentTree ├─┬ istanbul@0.4.5
121 silly currentTree │ ├── glob@5.0.15
121 silly currentTree │ └── supports-color@3.1.2
121 silly currentTree ├── jasmine-check@0.1.5
121 silly currentTree ├── jest-changed-files@16.0.0
121 silly currentTree ├─┬ jest-cli@16.0.2
121 silly currentTree │ ├── camelcase@3.0.0
121 silly currentTree │ ├── yargs-parser@3.2.0
121 silly currentTree │ └── yargs@5.0.0
121 silly currentTree ├── jest-config@16.0.2
121 silly currentTree ├── jest-diff@16.0.0
121 silly currentTree ├── jest-environment-jsdom@16.0.2
121 silly currentTree ├── jest-environment-node@16.0.2
121 silly currentTree ├── jest-file-exists@15.0.0
121 silly currentTree ├── jest-haste-map@16.0.2
121 silly currentTree ├── jest-jasmine2@16.0.2
121 silly currentTree ├── jest-matcher-utils@16.0.0
121 silly currentTree ├── jest-matchers@16.0.2
121 silly currentTree ├── jest-mock@16.0.2
121 silly currentTree ├── jest-resolve-dependencies@16.0.2
121 silly currentTree ├── jest-resolve@16.0.2
121 silly currentTree ├─┬ jest-runtime@16.0.2
121 silly currentTree │ ├── camelcase@3.0.0
121 silly currentTree │ ├── yargs-parser@3.2.0
121 silly currentTree │ └── yargs@5.0.0
121 silly currentTree ├── jest-snapshot@16.0.2
121 silly currentTree ├── jest-util@16.0.2
121 silly currentTree ├── jest@16.0.2
121 silly currentTree ├── jodid25519@1.0.2
121 silly currentTree ├── joi@6.10.1
121 silly currentTree ├── js-base64@2.1.9
121 silly currentTree ├── js-tokens@1.0.3
121 silly currentTree ├── js-yaml@3.6.1
121 silly currentTree ├── jsbn@0.1.0
121 silly currentTree ├── jsdom@9.8.0
121 silly currentTree ├── jsesc@1.3.0
121 silly currentTree ├── json-schema@0.2.3
121 silly currentTree ├── json-stable-stringify@1.0.1
121 silly currentTree ├── json-stringify-safe@5.0.1
121 silly currentTree ├── json5@0.4.0
121 silly currentTree ├── jsonify@0.0.0
121 silly currentTree ├── jsonpointer@4.0.0
121 silly currentTree ├── jsonwebtoken@6.2.0
121 silly currentTree ├── jsprim@1.3.1
121 silly currentTree ├── jwa@1.1.3
121 silly currentTree ├── jws@3.1.3
121 silly currentTree ├── kind-of@3.0.4
121 silly currentTree ├── lazy-cache@1.0.4
121 silly currentTree ├── lcid@1.0.0
121 silly currentTree ├── levn@0.3.0
121 silly currentTree ├── load-json-file@1.1.0
121 silly currentTree ├─┬ loader-utils@0.2.16
121 silly currentTree │ └── json5@0.5.0
121 silly currentTree ├── lodash-es@4.16.4
121 silly currentTree ├── lodash._arraycopy@3.0.0
121 silly currentTree ├── lodash._arrayeach@3.0.0
121 silly currentTree ├── lodash._baseassign@3.2.0
121 silly currentTree ├── lodash._baseclone@3.3.0
121 silly currentTree ├── lodash._basecopy@3.0.1
121 silly currentTree ├── lodash._basefor@3.0.3
121 silly currentTree ├── lodash._bindcallback@3.0.1
121 silly currentTree ├── lodash._createcompounder@3.0.0
121 silly currentTree ├── lodash._getnative@3.9.1
121 silly currentTree ├── lodash._root@3.0.1
121 silly currentTree ├── lodash.assign@4.2.0
121 silly currentTree ├── lodash.camelcase@3.0.1
121 silly currentTree ├── lodash.chunk@4.2.0
121 silly currentTree ├── lodash.clonedeep@4.5.0
121 silly currentTree ├── lodash.deburr@3.2.0
121 silly currentTree ├── lodash.indexof@4.0.5
121 silly currentTree ├── lodash.isarguments@3.1.0
121 silly currentTree ├── lodash.isarray@3.0.4
121 silly currentTree ├── lodash.keys@3.1.2
121 silly currentTree ├── lodash.set@4.3.2
121 silly currentTree ├── lodash.words@3.2.0
121 silly currentTree ├── lodash@4.16.4
121 silly currentTree ├── lolex@1.3.2
121 silly currentTree ├── longest@1.0.1
121 silly currentTree ├── loose-envify@1.2.0
121 silly currentTree ├── loud-rejection@1.6.0
121 silly currentTree ├── lru-cache@4.0.1
121 silly currentTree ├── macaddress@0.2.8
121 silly currentTree ├── makeerror@1.0.11
121 silly currentTree ├── map-obj@1.0.1
121 silly currentTree ├── marked-terminal@1.6.2
121 silly currentTree ├── marked@0.3.6
121 silly currentTree ├── math-expression-evaluator@1.2.14
121 silly currentTree ├── media-typer@0.3.0
121 silly currentTree ├── meow@3.7.0
121 silly currentTree ├── merge-descriptors@1.0.1
121 silly currentTree ├── merge@1.2.0
121 silly currentTree ├── methods@1.1.2
121 silly currentTree ├── micromatch@2.3.11
121 silly currentTree ├── mime-db@1.24.0
121 silly currentTree ├── mime-types@2.1.12
121 silly currentTree ├── mime@1.3.4
121 silly currentTree ├── minimatch@3.0.3
121 silly currentTree ├── minimist@1.2.0
121 silly currentTree ├─┬ mkdirp@0.5.1
121 silly currentTree │ └── minimist@0.0.8
121 silly currentTree ├── moment-timezone@0.5.6
121 silly currentTree ├── moment@2.15.1
121 silly currentTree ├── moxios@0.3.0
121 silly currentTree ├── ms@0.7.1
121 silly currentTree ├─┬ multer@1.2.1
121 silly currentTree │ ├── concat-stream@1.6.0
121 silly currentTree │ ├── isarray@1.0.0
121 silly currentTree │ ├── object-assign@3.0.0
121 silly currentTree │ └── readable-stream@2.2.2
121 silly currentTree ├── multimatch@2.1.0
121 silly currentTree ├── mysql@2.11.1
121 silly currentTree ├── nan@2.4.0
121 silly currentTree ├── natural-compare@1.4.0
121 silly currentTree ├── negotiator@0.6.1
121 silly currentTree ├── node-emoji@1.4.1
121 silly currentTree ├── node-fetch@1.6.3
121 silly currentTree ├─┬ node-gyp@3.4.0
121 silly currentTree │ └── npmlog@3.1.2
121 silly currentTree ├── node-int64@0.4.0
121 silly currentTree ├─┬ node-notifier@4.6.1
121 silly currentTree │ └── lodash.clonedeep@3.0.2
121 silly currentTree ├── node-sass@3.10.1
121 silly currentTree ├── node-uuid@1.4.7
121 silly currentTree ├── nopt@3.0.6
121 silly currentTree ├── normalize-package-data@2.3.5
121 silly currentTree ├── normalize-path@2.0.1
121 silly currentTree ├── normalize-range@0.1.2
121 silly currentTree ├── normalize-url@1.7.0
121 silly currentTree ├── npmlog@4.0.0
121 silly currentTree ├── num2fraction@1.2.2
121 silly currentTree ├── number-is-nan@1.0.1
121 silly currentTree ├── nwmatcher@1.3.8
121 silly currentTree ├── oauth-sign@0.8.2
121 silly currentTree ├── object-assign@4.1.0
121 silly currentTree ├── object.omit@2.0.0
121 silly currentTree ├── on-finished@2.3.0
121 silly currentTree ├── once@1.4.0
121 silly currentTree ├─┬ optimist@0.6.1
121 silly currentTree │ ├── minimist@0.0.10
121 silly currentTree │ └── wordwrap@0.0.3
121 silly currentTree ├── optionator@0.8.2
121 silly currentTree ├── os-homedir@1.0.2
121 silly currentTree ├── os-locale@1.4.0
121 silly currentTree ├── os-tmpdir@1.0.2
121 silly currentTree ├── osenv@0.1.3
121 silly currentTree ├── page.js@4.13.3
121 silly currentTree ├── parchment@1.0.4
121 silly currentTree ├── parse-glob@3.0.4
121 silly currentTree ├── parse-json@2.2.0
121 silly currentTree ├── parse5@1.5.1
121 silly currentTree ├── parseurl@1.3.1
121 silly currentTree ├── path-array@1.0.1
121 silly currentTree ├── path-exists@1.0.0
121 silly currentTree ├── path-is-absolute@1.0.1
121 silly currentTree ├── path-parse@1.0.5
121 silly currentTree ├── path-to-regexp@0.1.7
121 silly currentTree ├── path-type@1.1.0
121 silly currentTree ├── pify@2.3.0
121 silly currentTree ├── pinkie-promise@2.0.1
121 silly currentTree ├── pinkie@2.0.4
121 silly currentTree ├── postcss-calc@5.3.1
121 silly currentTree ├── postcss-colormin@2.2.1
121 silly currentTree ├── postcss-convert-values@2.4.1
121 silly currentTree ├── postcss-discard-comments@2.0.4
121 silly currentTree ├── postcss-discard-duplicates@2.0.1
121 silly currentTree ├── postcss-discard-empty@2.1.0
121 silly currentTree ├── postcss-discard-overridden@0.1.1
121 silly currentTree ├── postcss-discard-unused@2.2.2
121 silly currentTree ├── postcss-filter-plugins@2.0.2
121 silly currentTree ├── postcss-merge-idents@2.1.7
121 silly currentTree ├── postcss-merge-longhand@2.0.1
121 silly currentTree ├── postcss-merge-rules@2.0.10
121 silly currentTree ├── postcss-message-helpers@2.0.0
121 silly currentTree ├── postcss-minify-font-values@1.0.5
121 silly currentTree ├── postcss-minify-gradients@1.0.4
121 silly currentTree ├── postcss-minify-params@1.0.5
121 silly currentTree ├── postcss-minify-selectors@2.0.5
121 silly currentTree ├── postcss-modules-extract-imports@1.0.1
121 silly currentTree ├── postcss-modules-local-by-default@1.1.1
121 silly currentTree ├── postcss-modules-scope@1.0.2
121 silly currentTree ├── postcss-modules-values@1.2.2
121 silly currentTree ├── postcss-normalize-charset@1.1.0
121 silly currentTree ├── postcss-normalize-url@3.0.7
121 silly currentTree ├── postcss-ordered-values@2.2.2
121 silly currentTree ├── postcss-reduce-idents@2.3.1
121 silly currentTree ├── postcss-reduce-initial@1.0.0
121 silly currentTree ├── postcss-reduce-transforms@1.0.3
121 silly currentTree ├── postcss-selector-parser@2.2.1
121 silly currentTree ├── postcss-svgo@2.1.5
121 silly currentTree ├── postcss-unique-selectors@2.0.2
121 silly currentTree ├── postcss-value-parser@3.3.0
121 silly currentTree ├── postcss-zindex@2.1.1
121 silly currentTree ├─┬ postcss@5.2.5
121 silly currentTree │ └── supports-color@3.1.2
121 silly currentTree ├── prelude-ls@1.1.2
121 silly currentTree ├── prepend-http@1.0.4
121 silly currentTree ├── preserve@0.2.0
121 silly currentTree ├── pretty-format@4.2.1
121 silly currentTree ├── private@0.1.6
121 silly currentTree ├── process-nextick-args@1.0.7
121 silly currentTree ├── promise@7.1.1
121 silly currentTree ├── proxy-addr@1.1.2
121 silly currentTree ├── prr@0.0.0
121 silly currentTree ├── pseudomap@1.0.2
121 silly currentTree ├── q@1.4.1
121 silly currentTree ├── qs@6.2.0
121 silly currentTree ├── query-string@4.2.3
121 silly currentTree ├── quill-delta@3.4.3
121 silly currentTree ├─┬ quill@1.1.6
121 silly currentTree │ └── clone@2.1.0
121 silly currentTree ├── randomatic@1.1.5
121 silly currentTree ├── range-parser@1.2.0
121 silly currentTree ├── raw-body@2.1.7
121 silly currentTree ├── react-dom@15.3.2
121 silly currentTree ├── react-redux@4.4.5
121 silly currentTree ├── react@15.3.2
121 silly currentTree ├── read-pkg-up@1.0.1
121 silly currentTree ├── read-pkg@1.1.0
121 silly currentTree ├── readable-stream@1.1.14
121 silly currentTree ├── redent@1.0.0
121 silly currentTree ├── redeyed@1.0.0
121 silly currentTree ├── reduce-css-calc@1.3.0
121 silly currentTree ├─┬ reduce-function-call@1.0.1
121 silly currentTree │ └── balanced-match@0.1.0
121 silly currentTree ├── redux-logger@2.7.0
121 silly currentTree ├── redux-mock-store@1.2.1
121 silly currentTree ├── redux-thunk@2.1.0
121 silly currentTree ├── redux@3.6.0
121 silly currentTree ├── regenerate@1.3.1
121 silly currentTree ├── regenerator-runtime@0.9.5
121 silly currentTree ├── regex-cache@0.4.3
121 silly currentTree ├── regexpu-core@1.0.0
121 silly currentTree ├── regjsgen@0.2.0
121 silly currentTree ├─┬ regjsparser@0.1.5
121 silly currentTree │ └── jsesc@0.5.0
121 silly currentTree ├── repeat-element@1.1.2
121 silly currentTree ├── repeat-string@1.6.1
121 silly currentTree ├── repeating@1.1.3
121 silly currentTree ├─┬ request@2.75.0
121 silly currentTree │ └── qs@6.2.1
121 silly currentTree ├── require-directory@2.1.1
121 silly currentTree ├── require-main-filename@1.0.1
121 silly currentTree ├── resolve@1.1.7
121 silly currentTree ├── retry-as-promised@2.1.0
121 silly currentTree ├── right-align@0.1.3
121 silly currentTree ├── rimraf@2.5.4
121 silly currentTree ├── samsam@1.1.2
121 silly currentTree ├── sane@1.4.1
121 silly currentTree ├── sass-graph@2.1.2
121 silly currentTree ├─┬ sass-loader@4.0.2
121 silly currentTree │ └── async@2.1.2
121 silly currentTree ├── sax@1.2.1
121 silly currentTree ├── semver@5.3.0
121 silly currentTree ├── send@0.14.1
121 silly currentTree ├── sendgrid-rest@2.3.0
121 silly currentTree ├── sendgrid@4.7.1
121 silly currentTree ├─┬ sequelize@3.24.5
121 silly currentTree │ └── lodash@4.12.0
121 silly currentTree ├── serve-static@1.11.1
121 silly currentTree ├── set-blocking@2.0.0
121 silly currentTree ├── setprototypeof@1.0.1
121 silly currentTree ├── shebang-regex@1.0.0
121 silly currentTree ├── shellwords@0.1.0
121 silly currentTree ├── shimmer@1.1.0
121 silly currentTree ├── signal-exit@3.0.1
121 silly currentTree ├── sinon@1.17.6
121 silly currentTree ├── slash@1.0.0
121 silly currentTree ├── sntp@1.0.9
121 silly currentTree ├── sort-keys@1.1.2
121 silly currentTree ├── source-list-map@0.1.6
121 silly currentTree ├── source-map-support@0.4.5
121 silly currentTree ├── source-map@0.5.6
121 silly currentTree ├── spdx-correct@1.0.2
121 silly currentTree ├── spdx-expression-parse@1.0.4
121 silly currentTree ├── spdx-license-ids@1.2.2
121 silly currentTree ├── sprintf-js@1.0.3
121 silly currentTree ├── sqlstring@2.0.1
121 silly currentTree ├─┬ sshpk@1.10.1
121 silly currentTree │ └── assert-plus@1.0.0
121 silly currentTree ├── statuses@1.3.0
121 silly currentTree ├── stream-consume@0.1.0
121 silly currentTree ├── streamsearch@0.1.2
121 silly currentTree ├── strict-uri-encode@1.1.0
121 silly currentTree ├── string_decoder@0.10.31
121 silly currentTree ├── string-width@1.0.2
121 silly currentTree ├── string.prototype.codepointat@0.2.0
121 silly currentTree ├── stringstream@0.0.5
121 silly currentTree ├── strip-ansi@3.0.1
121 silly currentTree ├── strip-bom@2.0.0
121 silly currentTree ├── strip-indent@1.0.1
121 silly currentTree ├── style-loader@0.13.1
121 silly currentTree ├── supports-color@2.0.0
121 silly currentTree ├── svgo@0.7.1
121 silly currentTree ├── symbol-observable@1.0.4
121 silly currentTree ├── symbol-tree@3.1.4
121 silly currentTree ├── tar@2.2.1
121 silly currentTree ├── terraformer-wkt-parser@1.1.2
121 silly currentTree ├── terraformer@1.0.7
121 silly currentTree ├── test-exclude@2.1.3
121 silly currentTree ├── testcheck@0.1.4
121 silly currentTree ├── throat@3.0.0
121 silly currentTree ├── tmpl@1.0.4
121 silly currentTree ├── to-fast-properties@1.0.2
121 silly currentTree ├── topo@1.1.0
121 silly currentTree ├── toposort-class@1.0.1
121 silly currentTree ├── tough-cookie@2.3.1
121 silly currentTree ├── tr46@0.0.3
121 silly currentTree ├── trim-newlines@1.0.0
121 silly currentTree ├── tunnel-agent@0.4.3
121 silly currentTree ├── tweetnacl@0.14.3
121 silly currentTree ├── type-check@0.3.2
121 silly currentTree ├── type-detect@1.0.0
121 silly currentTree ├── type-is@1.6.13
121 silly currentTree ├── typedarray@0.0.6
121 silly currentTree ├── ua-parser-js@0.7.10
121 silly currentTree ├─┬ uglify-js
121 silly currentTree │ ├── async@0.2.10
121 silly currentTree │ ├── camelcase@1.2.1
121 silly currentTree │ ├── cliui@2.1.0
121 silly currentTree │ ├── window-size@0.1.0
121 silly currentTree │ ├── wordwrap@0.0.2
121 silly currentTree │ └── yargs@3.10.0
121 silly currentTree ├── uglify-to-browserify@1.0.2
121 silly currentTree ├── uid@0.0.2
121 silly currentTree ├── uniq@1.0.1
121 silly currentTree ├── uniqid@4.1.0
121 silly currentTree ├── uniqs@2.0.0
121 silly currentTree ├── unpipe@1.0.0
121 silly currentTree ├── user-home@1.1.1
121 silly currentTree ├── util-deprecate@1.0.2
121 silly currentTree ├─┬ util@0.10.3
121 silly currentTree │ └── inherits@2.0.1
121 silly currentTree ├── utils-merge@1.0.0
121 silly currentTree ├── validate-npm-package-license@3.0.1
121 silly currentTree ├── validator@5.7.0
121 silly currentTree ├── vary@1.1.0
121 silly currentTree ├── vendors@1.0.1
121 silly currentTree ├── verror@1.3.6
121 silly currentTree ├── walker@1.0.7
121 silly currentTree ├── watch@0.10.0
121 silly currentTree ├── webidl-conversions@3.0.1
121 silly currentTree ├── whatwg-encoding@1.0.1
121 silly currentTree ├── whatwg-fetch@1.0.0
121 silly currentTree ├── whatwg-url@3.0.0
121 silly currentTree ├── whet.extend@0.9.9
121 silly currentTree ├── which-module@1.0.0
121 silly currentTree ├── which@1.2.11
121 silly currentTree ├── wide-align@1.1.0
121 silly currentTree ├── window-size@0.2.0
121 silly currentTree ├── wkx@0.2.0
121 silly currentTree ├── wordwrap@1.0.0
121 silly currentTree ├── worker-farm@1.3.1
121 silly currentTree ├── wrap-ansi@2.0.0
121 silly currentTree ├── wrappy@1.0.2
121 silly currentTree ├── xml-name-validator@2.0.1
121 silly currentTree ├── xtend@4.0.1
121 silly currentTree ├── y18n@3.2.1
121 silly currentTree ├── yallist@2.0.0
121 silly currentTree ├─┬ yargs-parser@2.4.1
121 silly currentTree │ └── camelcase@3.0.0
121 silly currentTree └── yargs@4.8.1
122 silly idealTree tbd@1.0.0
122 silly idealTree ├── abab@1.0.3
122 silly idealTree ├── abbrev@1.0.9
122 silly idealTree ├── accepts@1.3.3
122 silly idealTree ├── acorn-globals@1.0.9
122 silly idealTree ├── acorn@2.7.0
122 silly idealTree ├── align-text@0.1.4
122 silly idealTree ├── alphanum-sort@1.0.2
122 silly idealTree ├── amdefine@1.0.0
122 silly idealTree ├── ansi-escapes@1.4.0
122 silly idealTree ├── ansi-regex@2.0.0
122 silly idealTree ├── ansi-styles@2.2.1
122 silly idealTree ├── ansicolors@0.2.1
122 silly idealTree ├── append-field@0.1.0
122 silly idealTree ├── append-transform@0.3.0
122 silly idealTree ├── aproba@1.0.4
122 silly idealTree ├─┬ are-we-there-yet@1.1.2
122 silly idealTree │ ├── isarray@1.0.0
122 silly idealTree │ └── readable-stream@2.1.5
122 silly idealTree ├── argparse@1.0.9
122 silly idealTree ├── arr-diff@2.0.0
122 silly idealTree ├── arr-flatten@1.0.1
122 silly idealTree ├── array-differ@1.0.0
122 silly idealTree ├── array-equal@1.0.0
122 silly idealTree ├── array-find-index@1.0.2
122 silly idealTree ├── array-flatten@1.1.1
122 silly idealTree ├── array-index@1.0.0
122 silly idealTree ├── array-union@1.0.2
122 silly idealTree ├── array-uniq@1.0.3
122 silly idealTree ├── array-unique@0.2.1
122 silly idealTree ├── arrify@1.0.1
122 silly idealTree ├── asap@2.0.5
122 silly idealTree ├── asn1@0.2.3
122 silly idealTree ├── assert-plus@0.2.0
122 silly idealTree ├── assertion-error@1.0.2
122 silly idealTree ├── async-foreach@0.1.3
122 silly idealTree ├── async.ensureasync@0.5.2
122 silly idealTree ├── async.queue@0.5.2
122 silly idealTree ├── async.util.arrayeach@0.5.2
122 silly idealTree ├── async.util.ensureasync@0.5.2
122 silly idealTree ├── async.util.isarray@0.5.2
122 silly idealTree ├── async.util.map@0.5.2
122 silly idealTree ├── async.util.noop@0.5.2
122 silly idealTree ├── async.util.onlyonce@0.5.2
122 silly idealTree ├── async.util.queue@0.5.2
122 silly idealTree ├── async.util.restparam@0.5.2
122 silly idealTree ├── async.util.setimmediate@0.5.2
122 silly idealTree ├── async@1.5.2
122 silly idealTree ├── asynckit@0.4.0
122 silly idealTree ├── autoprefixer@6.5.1
122 silly idealTree ├── aws-sign2@0.6.0
122 silly idealTree ├── aws4@1.5.0
122 silly idealTree ├── axios@0.15.2
122 silly idealTree ├─┬ babel-code-frame@6.16.0
122 silly idealTree │ └── js-tokens@2.0.0
122 silly idealTree ├── babel-core@6.17.0
122 silly idealTree ├── babel-generator@6.17.0
122 silly idealTree ├── babel-helper-builder-react-jsx@6.9.0
122 silly idealTree ├── babel-helper-call-delegate@6.8.0
122 silly idealTree ├── babel-helper-define-map@6.9.0
122 silly idealTree ├── babel-helper-function-name@6.8.0
122 silly idealTree ├── babel-helper-get-function-arity@6.8.0
122 silly idealTree ├── babel-helper-hoist-variables@6.8.0
122 silly idealTree ├── babel-helper-optimise-call-expression@6.8.0
122 silly idealTree ├── babel-helper-regex@6.9.0
122 silly idealTree ├── babel-helper-replace-supers@6.16.0
122 silly idealTree ├── babel-helpers@6.16.0
122 silly idealTree ├── babel-jest@16.0.0
122 silly idealTree ├── babel-loader@6.2.5
122 silly idealTree ├── babel-messages@6.8.0
122 silly idealTree ├── babel-plugin-check-es2015-constants@6.8.0
122 silly idealTree ├── babel-plugin-istanbul@2.0.3
122 silly idealTree ├── babel-plugin-jest-hoist@16.0.0
122 silly idealTree ├── babel-plugin-syntax-flow@6.13.0
122 silly idealTree ├── babel-plugin-syntax-jsx@6.13.0
122 silly idealTree ├── babel-plugin-syntax-object-rest-spread@6.13.0
122 silly idealTree ├── babel-plugin-transform-es2015-arrow-functions@6.8.0
122 silly idealTree ├── babel-plugin-transform-es2015-block-scoped-functions@6.8.0
122 silly idealTree ├── babel-plugin-transform-es2015-block-scoping@6.15.0
122 silly idealTree ├── babel-plugin-transform-es2015-classes@6.14.0
122 silly idealTree ├── babel-plugin-transform-es2015-computed-properties@6.8.0
122 silly idealTree ├── babel-plugin-transform-es2015-destructuring@6.16.0
122 silly idealTree ├── babel-plugin-transform-es2015-duplicate-keys@6.8.0
122 silly idealTree ├── babel-plugin-transform-es2015-for-of@6.8.0
122 silly idealTree ├── babel-plugin-transform-es2015-function-name@6.9.0
122 silly idealTree ├── babel-plugin-transform-es2015-literals@6.8.0
122 silly idealTree ├── babel-plugin-transform-es2015-modules-amd@6.8.0
122 silly idealTree ├── babel-plugin-transform-es2015-modules-commonjs@6.16.0
122 silly idealTree ├── babel-plugin-transform-es2015-modules-systemjs@6.14.0
122 silly idealTree ├── babel-plugin-transform-es2015-modules-umd@6.12.0
122 silly idealTree ├── babel-plugin-transform-es2015-object-super@6.8.0
122 silly idealTree ├── babel-plugin-transform-es2015-parameters@6.17.0
122 silly idealTree ├── babel-plugin-transform-es2015-shorthand-properties@6.8.0
122 silly idealTree ├── babel-plugin-transform-es2015-spread@6.8.0
122 silly idealTree ├── babel-plugin-transform-es2015-sticky-regex@6.8.0
122 silly idealTree ├── babel-plugin-transform-es2015-template-literals@6.8.0
122 silly idealTree ├── babel-plugin-transform-es2015-typeof-symbol@6.8.0
122 silly idealTree ├─┬ babel-plugin-transform-es2015-unicode-regex@6.11.0
122 silly idealTree │ └── regexpu-core@2.0.0
122 silly idealTree ├── babel-plugin-transform-flow-strip-types@6.14.0
122 silly idealTree ├── babel-plugin-transform-object-rest-spread@6.16.0
122 silly idealTree ├── babel-plugin-transform-react-display-name@6.8.0
122 silly idealTree ├── babel-plugin-transform-react-jsx-self@6.11.0
122 silly idealTree ├── babel-plugin-transform-react-jsx-source@6.9.0
122 silly idealTree ├── babel-plugin-transform-react-jsx@6.8.0
122 silly idealTree ├── babel-plugin-transform-regenerator@6.16.1
122 silly idealTree ├── babel-plugin-transform-strict-mode@6.11.3
122 silly idealTree ├── babel-preset-es2015@6.16.0
122 silly idealTree ├── babel-preset-jest@16.0.0
122 silly idealTree ├── babel-preset-react@6.16.0
122 silly idealTree ├─┬ babel-register@6.16.3
122 silly idealTree │ └── core-js@2.4.1
122 silly idealTree ├─┬ babel-runtime@6.11.6
122 silly idealTree │ └── core-js@2.4.1
122 silly idealTree ├── babel-template@6.16.0
122 silly idealTree ├── babel-traverse@6.16.0
122 silly idealTree ├── babel-types@6.16.0
122 silly idealTree ├── babel@6.5.2
122 silly idealTree ├── babylon@6.12.0
122 silly idealTree ├── balanced-match@0.4.2
122 silly idealTree ├── base64-url@1.3.2
122 silly idealTree ├─┬ base64url@1.0.6
122 silly idealTree │ ├── camelcase-keys@1.0.0
122 silly idealTree │ ├── camelcase@1.2.1
122 silly idealTree │ ├── indent-string@1.2.2
122 silly idealTree │ ├── meow@2.0.0
122 silly idealTree │ └── object-assign@1.0.0
122 silly idealTree ├── bcrypt-pbkdf@1.0.0
122 silly idealTree ├── big.js@3.1.3
122 silly idealTree ├── bignumber.js@2.3.0
122 silly idealTree ├─┬ bl@1.1.2
122 silly idealTree │ ├── isarray@1.0.0
122 silly idealTree │ └── readable-stream@2.0.6
122 silly idealTree ├── block-stream@0.0.9
122 silly idealTree ├── bluebird@3.4.6
122 silly idealTree ├── body-parser@1.15.2
122 silly idealTree ├── boom@2.10.1
122 silly idealTree ├── bottleneck@1.15.0
122 silly idealTree ├── brace-expansion@1.1.6
122 silly idealTree ├── braces@1.8.5
122 silly idealTree ├── browser-resolve@1.11.2
122 silly idealTree ├── browserslist@1.4.0
122 silly idealTree ├── bser@1.0.2
122 silly idealTree ├── buffer-equal-constant-time@1.0.1
122 silly idealTree ├── buffer-shims@1.0.0
122 silly idealTree ├── builtin-modules@1.1.1
122 silly idealTree ├── busboy@0.2.13
122 silly idealTree ├── bytes@2.4.0
122 silly idealTree ├── callsites@2.0.0
122 silly idealTree ├── camelcase-keys@2.1.0
122 silly idealTree ├── camelcase@2.1.1
122 silly idealTree ├── caniuse-db@1.0.30000565
122 silly idealTree ├── cardinal@1.0.0
122 silly idealTree ├── caseless@0.11.0
122 silly idealTree ├── center-align@0.1.3
122 silly idealTree ├── chai@3.5.0
122 silly idealTree ├── chalk@1.1.3
122 silly idealTree ├── ci-info@1.0.0
122 silly idealTree ├── clap@1.1.1
122 silly idealTree ├─┬ cli-table@0.3.1
122 silly idealTree │ └── colors@1.0.3
122 silly idealTree ├── cli-usage@0.1.4
122 silly idealTree ├── cliui@3.2.0
122 silly idealTree ├── clone@1.0.2
122 silly idealTree ├── coa@1.0.1
122 silly idealTree ├── code-point-at@1.0.1
122 silly idealTree ├── color-convert@1.5.0
122 silly idealTree ├── color-name@1.1.1
122 silly idealTree ├── color-string@0.3.0
122 silly idealTree ├── color@0.11.3
122 silly idealTree ├── colormin@1.1.2
122 silly idealTree ├── colors@1.1.2
122 silly idealTree ├── combined-stream@1.0.5
122 silly idealTree ├── commander@2.9.0
122 silly idealTree ├── concat-map@0.0.1
122 silly idealTree ├── concat-stream@1.4.10
122 silly idealTree ├── console-control-strings@1.1.0
122 silly idealTree ├── content-disposition@0.5.1
122 silly idealTree ├── content-type-parser@1.0.1
122 silly idealTree ├── content-type@1.0.2
122 silly idealTree ├── convert-source-map@1.3.0
122 silly idealTree ├── cookie-signature@1.0.6
122 silly idealTree ├── cookie@0.3.1
122 silly idealTree ├── core-js@1.2.7
122 silly idealTree ├── core-util-is@1.0.2
122 silly idealTree ├── cross-env@3.1.3
122 silly idealTree ├── cross-spawn@3.0.1
122 silly idealTree ├── cryptiles@2.0.5
122 silly idealTree ├── css-color-names@0.0.4
122 silly idealTree ├── css-loader@0.25.0
122 silly idealTree ├── css-selector-tokenizer@0.6.0
122 silly idealTree ├── cssesc@0.1.0
122 silly idealTree ├── cssnano@3.8.0
122 silly idealTree ├── csso@2.2.1
122 silly idealTree ├── cssom@0.3.1
122 silly idealTree ├── cssstyle@0.2.37
122 silly idealTree ├── currently-unhandled@0.4.1
122 silly idealTree ├── d@0.1.1
122 silly idealTree ├─┬ dashdash@1.14.0
122 silly idealTree │ └── assert-plus@1.0.0
122 silly idealTree ├── debug@2.2.0
122 silly idealTree ├── decamelize@1.2.0
122 silly idealTree ├── deep-diff@0.3.4
122 silly idealTree ├─┬ deep-eql@0.1.3
122 silly idealTree │ └── type-detect@0.1.1
122 silly idealTree ├── deep-equal@1.0.1
122 silly idealTree ├── deep-is@0.1.3
122 silly idealTree ├── defined@1.0.0
122 silly idealTree ├── delayed-stream@1.0.0
122 silly idealTree ├── delegates@1.0.0
122 silly idealTree ├── depd@1.1.0
122 silly idealTree ├── destroy@1.0.4
122 silly idealTree ├── detect-indent@3.0.1
122 silly idealTree ├── dicer@0.2.5
122 silly idealTree ├── diff@3.0.1
122 silly idealTree ├── dottie@1.1.1
122 silly idealTree ├── ecc-jsbn@0.1.1
122 silly idealTree ├── ecdsa-sig-formatter@1.0.7
122 silly idealTree ├── ee-first@1.1.1
122 silly idealTree ├── emojis-list@2.1.0
122 silly idealTree ├── encodeurl@1.0.1
122 silly idealTree ├── encoding@0.1.12
122 silly idealTree ├── errno@0.1.4
122 silly idealTree ├── error-ex@1.3.0
122 silly idealTree ├── es5-ext@0.10.12
122 silly idealTree ├── es6-iterator@2.0.0
122 silly idealTree ├── es6-symbol@3.1.0
122 silly idealTree ├── escape-html@1.0.3
122 silly idealTree ├── escape-string-regexp@1.0.5
122 silly idealTree ├─┬ escodegen@1.8.1
122 silly idealTree │ └── source-map@0.2.0
122 silly idealTree ├── esprima@2.7.3
122 silly idealTree ├── estraverse@1.9.3
122 silly idealTree ├── esutils@2.0.2
122 silly idealTree ├── etag@1.7.0
122 silly idealTree ├── eventemitter3@2.0.2
122 silly idealTree ├── exec-sh@0.2.0
122 silly idealTree ├── expand-brackets@0.1.5
122 silly idealTree ├── expand-range@1.8.2
122 silly idealTree ├── express-jwt@5.1.0
122 silly idealTree ├── express-unless@0.3.0
122 silly idealTree ├── express@4.14.0
122 silly idealTree ├── extend@3.0.0
122 silly idealTree ├── extglob@0.3.2
122 silly idealTree ├── extsprintf@1.0.2
122 silly idealTree ├── fast-diff@1.1.1
122 silly idealTree ├── fast-levenshtein@2.0.5
122 silly idealTree ├── fastparse@1.1.1
122 silly idealTree ├── fb-watchman@1.9.0
122 silly idealTree ├── fbjs@0.8.5
122 silly idealTree ├── filename-regex@2.0.0
122 silly idealTree ├─┬ fileset@0.2.1
122 silly idealTree │ ├─┬ glob@5.0.15
122 silly idealTree │ │ └── minimatch@3.0.3
122 silly idealTree │ └── minimatch@2.0.10
122 silly idealTree ├── fill-range@2.2.3
122 silly idealTree ├── finalhandler@0.5.0
122 silly idealTree ├─┬ find-up@1.1.2
122 silly idealTree │ └── path-exists@2.1.0
122 silly idealTree ├── flatten@1.0.2
122 silly idealTree ├── follow-redirects@0.0.7
122 silly idealTree ├── for-in@0.1.6
122 silly idealTree ├── for-own@0.1.4
122 silly idealTree ├── forever-agent@0.6.1
122 silly idealTree ├── form-data@2.0.0
122 silly idealTree ├─┬ formatio@1.1.1
122 silly idealTree │ └── samsam@1.1.3
122 silly idealTree ├── forwarded@0.1.0
122 silly idealTree ├── fresh@0.3.0
122 silly idealTree ├── fs.realpath@1.0.0
122 silly idealTree ├── fstream@1.0.10
122 silly idealTree ├── function-bind@1.1.0
122 silly idealTree ├── gauge@2.6.0
122 silly idealTree ├── gaze@1.1.2
122 silly idealTree ├── generate-function@2.0.0
122 silly idealTree ├── generate-object-property@1.2.0
122 silly idealTree ├── generic-pool@2.4.2
122 silly idealTree ├── get-caller-file@1.0.2
122 silly idealTree ├── get-stdin@4.0.1
122 silly idealTree ├─┬ getpass@0.1.6
122 silly idealTree │ └── assert-plus@1.0.0
122 silly idealTree ├── glob-base@0.3.0
122 silly idealTree ├── glob-parent@2.0.0
122 silly idealTree ├── glob@7.1.1
122 silly idealTree ├── globals@8.18.0
122 silly idealTree ├─┬ globule@1.0.0
122 silly idealTree │ ├── glob@7.0.6
122 silly idealTree │ └── lodash@4.9.0
122 silly idealTree ├── graceful-fs@4.1.9
122 silly idealTree ├── graceful-readlink@1.0.1
122 silly idealTree ├── growly@1.3.0
122 silly idealTree ├─┬ handlebars@4.0.5
122 silly idealTree │ ├── camelcase@1.2.1
122 silly idealTree │ ├── cliui@2.1.0
122 silly idealTree │ ├── source-map@0.4.4
122 silly idealTree │ ├─┬ uglify-js@2.7.5
122 silly idealTree │ │ ├── async@0.2.10
122 silly idealTree │ │ └── source-map@0.5.6
122 silly idealTree │ ├── window-size@0.1.0
122 silly idealTree │ ├── wordwrap@0.0.2
122 silly idealTree │ └── yargs@3.10.0
122 silly idealTree ├── har-validator@2.0.6
122 silly idealTree ├── has-ansi@2.0.0
122 silly idealTree ├── has-color@0.1.7
122 silly idealTree ├── has-flag@1.0.0
122 silly idealTree ├── has-unicode@2.0.1
122 silly idealTree ├── has@1.0.1
122 silly idealTree ├── hawk@3.1.3
122 silly idealTree ├── hoek@2.16.3
122 silly idealTree ├── hoist-non-react-statics@1.2.0
122 silly idealTree ├── home-or-tmp@1.0.0
122 silly idealTree ├── hosted-git-info@2.1.5
122 silly idealTree ├── html-comment-regex@1.1.1
122 silly idealTree ├── html-encoding-sniffer@1.0.1
122 silly idealTree ├─┬ http-errors@1.5.0
122 silly idealTree │ └── inherits@2.0.1
122 silly idealTree ├── http-signature@1.1.1
122 silly idealTree ├── iconv-lite@0.4.13
122 silly idealTree ├── icss-replace-symbols@1.0.2
122 silly idealTree ├── immutable@3.8.1
122 silly idealTree ├── in-publish@2.0.0
122 silly idealTree ├─┬ indent-string@2.1.0
122 silly idealTree │ └── repeating@2.0.1
122 silly idealTree ├── indexes-of@1.0.1
122 silly idealTree ├── inflection@1.10.0
122 silly idealTree ├── inflight@1.0.6
122 silly idealTree ├── inherits@2.0.3
122 silly idealTree ├── invariant@2.2.1
122 silly idealTree ├── invert-kv@1.0.0
122 silly idealTree ├── ipaddr.js@1.1.1
122 silly idealTree ├── is-absolute-url@2.0.0
122 silly idealTree ├── is-arrayish@0.2.1
122 silly idealTree ├── is-buffer@1.1.4
122 silly idealTree ├── is-builtin-module@1.0.0
122 silly idealTree ├── is-ci@1.0.10
122 silly idealTree ├── is-dotfile@1.0.2
122 silly idealTree ├── is-equal-shallow@0.1.3
122 silly idealTree ├── is-extendable@0.1.1
122 silly idealTree ├── is-extglob@1.0.0
122 silly idealTree ├── is-finite@1.0.2
122 silly idealTree ├── is-fullwidth-code-point@1.0.0
122 silly idealTree ├── is-glob@2.0.1
122 silly idealTree ├── is-my-json-valid@2.15.0
122 silly idealTree ├── is-number@2.1.0
122 silly idealTree ├── is-plain-obj@1.1.0
122 silly idealTree ├── is-posix-bracket@0.1.1
122 silly idealTree ├── is-primitive@2.0.0
122 silly idealTree ├── is-property@1.0.2
122 silly idealTree ├── is-stream@1.1.0
122 silly idealTree ├── is-svg@2.0.1
122 silly idealTree ├── is-typedarray@1.0.0
122 silly idealTree ├── is-utf8@0.2.1
122 silly idealTree ├── isarray@0.0.1
122 silly idealTree ├── isemail@1.2.0
122 silly idealTree ├── isexe@1.1.2
122 silly idealTree ├─┬ isobject@2.1.0
122 silly idealTree │ └── isarray@1.0.0
122 silly idealTree ├── isomorphic-fetch@2.2.1
122 silly idealTree ├── isstream@0.1.2
122 silly idealTree ├── istanbul-api@1.0.0-aplha.10
122 silly idealTree ├── istanbul-lib-coverage@1.0.0
122 silly idealTree ├── istanbul-lib-hook@1.0.0-alpha.4
122 silly idealTree ├─┬ istanbul-lib-instrument@1.1.4
122 silly idealTree │ └── babylon@6.13.0
122 silly idealTree ├─┬ istanbul-lib-report@1.0.0-alpha.3
122 silly idealTree │ └── supports-color@3.1.2
122 silly idealTree ├── istanbul-lib-source-maps@1.0.2
122 silly idealTree ├── istanbul-reports@1.0.0
122 silly idealTree ├─┬ istanbul@0.4.5
122 silly idealTree │ ├── glob@5.0.15
122 silly idealTree │ └── supports-color@3.1.2
122 silly idealTree ├── jasmine-check@0.1.5
122 silly idealTree ├── jest-changed-files@16.0.0
122 silly idealTree ├─┬ jest-cli@16.0.2
122 silly idealTree │ ├── camelcase@3.0.0
122 silly idealTree │ ├── yargs-parser@3.2.0
122 silly idealTree │ └── yargs@5.0.0
122 silly idealTree ├── jest-config@16.0.2
122 silly idealTree ├── jest-diff@16.0.0
122 silly idealTree ├── jest-environment-jsdom@16.0.2
122 silly idealTree ├── jest-environment-node@16.0.2
122 silly idealTree ├── jest-file-exists@15.0.0
122 silly idealTree ├── jest-haste-map@16.0.2
122 silly idealTree ├── jest-jasmine2@16.0.2
122 silly idealTree ├── jest-matcher-utils@16.0.0
122 silly idealTree ├── jest-matchers@16.0.2
122 silly idealTree ├── jest-mock@16.0.2
122 silly idealTree ├── jest-resolve-dependencies@16.0.2
122 silly idealTree ├── jest-resolve@16.0.2
122 silly idealTree ├─┬ jest-runtime@16.0.2
122 silly idealTree │ ├── camelcase@3.0.0
122 silly idealTree │ ├── yargs-parser@3.2.0
122 silly idealTree │ └── yargs@5.0.0
122 silly idealTree ├── jest-snapshot@16.0.2
122 silly idealTree ├── jest-util@16.0.2
122 silly idealTree ├── jest@16.0.2
122 silly idealTree ├── jodid25519@1.0.2
122 silly idealTree ├── joi@6.10.1
122 silly idealTree ├── js-base64@2.1.9
122 silly idealTree ├── js-tokens@1.0.3
122 silly idealTree ├── js-yaml@3.6.1
122 silly idealTree ├── jsbn@0.1.0
122 silly idealTree ├── jsdom@9.8.0
122 silly idealTree ├── jsesc@1.3.0
122 silly idealTree ├── json-schema@0.2.3
122 silly idealTree ├── json-stable-stringify@1.0.1
122 silly idealTree ├── json-stringify-safe@5.0.1
122 silly idealTree ├── json5@0.4.0
122 silly idealTree ├── jsonify@0.0.0
122 silly idealTree ├── jsonpointer@4.0.0
122 silly idealTree ├── jsonwebtoken@6.2.0
122 silly idealTree ├── jsprim@1.3.1
122 silly idealTree ├── jwa@1.1.3
122 silly idealTree ├── jws@3.1.3
122 silly idealTree ├── jwt@0.2.0
122 silly idealTree ├── kind-of@3.0.4
122 silly idealTree ├── lazy-cache@1.0.4
122 silly idealTree ├── lcid@1.0.0
122 silly idealTree ├── levn@0.3.0
122 silly idealTree ├── load-json-file@1.1.0
122 silly idealTree ├─┬ loader-utils@0.2.16
122 silly idealTree │ └── json5@0.5.0
122 silly idealTree ├── lodash-es@4.16.4
122 silly idealTree ├── lodash._arraycopy@3.0.0
122 silly idealTree ├── lodash._arrayeach@3.0.0
122 silly idealTree ├── lodash._baseassign@3.2.0
122 silly idealTree ├── lodash._baseclone@3.3.0
122 silly idealTree ├── lodash._basecopy@3.0.1
122 silly idealTree ├── lodash._basefor@3.0.3
122 silly idealTree ├── lodash._bindcallback@3.0.1
122 silly idealTree ├── lodash._createcompounder@3.0.0
122 silly idealTree ├── lodash._getnative@3.9.1
122 silly idealTree ├── lodash._root@3.0.1
122 silly idealTree ├── lodash.assign@4.2.0
122 silly idealTree ├── lodash.camelcase@3.0.1
122 silly idealTree ├── lodash.chunk@4.2.0
122 silly idealTree ├── lodash.clonedeep@4.5.0
122 silly idealTree ├── lodash.deburr@3.2.0
122 silly idealTree ├── lodash.indexof@4.0.5
122 silly idealTree ├── lodash.isarguments@3.1.0
122 silly idealTree ├── lodash.isarray@3.0.4
122 silly idealTree ├── lodash.keys@3.1.2
122 silly idealTree ├── lodash.set@4.3.2
122 silly idealTree ├── lodash.words@3.2.0
122 silly idealTree ├── lodash@4.16.4
122 silly idealTree ├── lolex@1.3.2
122 silly idealTree ├── longest@1.0.1
122 silly idealTree ├── loose-envify@1.2.0
122 silly idealTree ├── loud-rejection@1.6.0
122 silly idealTree ├── lru-cache@4.0.1
122 silly idealTree ├── macaddress@0.2.8
122 silly idealTree ├── makeerror@1.0.11
122 silly idealTree ├── map-obj@1.0.1
122 silly idealTree ├── marked-terminal@1.6.2
122 silly idealTree ├── marked@0.3.6
122 silly idealTree ├── math-expression-evaluator@1.2.14
122 silly idealTree ├── media-typer@0.3.0
122 silly idealTree ├── meow@3.7.0
122 silly idealTree ├── merge-descriptors@1.0.1
122 silly idealTree ├── merge@1.2.0
122 silly idealTree ├── methods@1.1.2
122 silly idealTree ├── micromatch@2.3.11
122 silly idealTree ├── mime-db@1.24.0
122 silly idealTree ├── mime-types@2.1.12
122 silly idealTree ├── mime@1.3.4
122 silly idealTree ├── minimatch@3.0.3
122 silly idealTree ├── minimist@1.2.0
122 silly idealTree ├─┬ mkdirp@0.5.1
122 silly idealTree │ └── minimist@0.0.8
122 silly idealTree ├── moment-timezone@0.5.6
122 silly idealTree ├── moment@2.15.1
122 silly idealTree ├── moxios@0.3.0
122 silly idealTree ├── ms@0.7.1
122 silly idealTree ├─┬ multer@1.2.1
122 silly idealTree │ ├── concat-stream@1.6.0
122 silly idealTree │ ├── isarray@1.0.0
122 silly idealTree │ ├── object-assign@3.0.0
122 silly idealTree │ └── readable-stream@2.2.2
122 silly idealTree ├── multimatch@2.1.0
122 silly idealTree ├── mysql@2.11.1
122 silly idealTree ├── nan@2.4.0
122 silly idealTree ├── natural-compare@1.4.0
122 silly idealTree ├── negotiator@0.6.1
122 silly idealTree ├── node-base64@0.0.1
122 silly idealTree ├── node-emoji@1.4.1
122 silly idealTree ├── node-fetch@1.6.3
122 silly idealTree ├─┬ node-gyp@3.4.0
122 silly idealTree │ └── npmlog@3.1.2
122 silly idealTree ├── node-int64@0.4.0
122 silly idealTree ├─┬ node-notifier@4.6.1
122 silly idealTree │ └── lodash.clonedeep@3.0.2
122 silly idealTree ├── node-sass@3.10.1
122 silly idealTree ├── node-uuid@1.4.7
122 silly idealTree ├── nopt@3.0.6
122 silly idealTree ├── normalize-package-data@2.3.5
122 silly idealTree ├── normalize-path@2.0.1
122 silly idealTree ├── normalize-range@0.1.2
122 silly idealTree ├── normalize-url@1.7.0
122 silly idealTree ├── npmlog@4.0.0
122 silly idealTree ├── num2fraction@1.2.2
122 silly idealTree ├── number-is-nan@1.0.1
122 silly idealTree ├── nwmatcher@1.3.8
122 silly idealTree ├── oauth-sign@0.8.2
122 silly idealTree ├── object-assign@4.1.0
122 silly idealTree ├── object.omit@2.0.0
122 silly idealTree ├── on-finished@2.3.0
122 silly idealTree ├── once@1.4.0
122 silly idealTree ├─┬ optimist@0.6.1
122 silly idealTree │ ├── minimist@0.0.10
122 silly idealTree │ └── wordwrap@0.0.3
122 silly idealTree ├── optionator@0.8.2
122 silly idealTree ├── os-homedir@1.0.2
122 silly idealTree ├── os-locale@1.4.0
122 silly idealTree ├── os-tmpdir@1.0.2
122 silly idealTree ├── osenv@0.1.3
122 silly idealTree ├── page.js@4.13.3
122 silly idealTree ├── parchment@1.0.4
122 silly idealTree ├── parse-glob@3.0.4
122 silly idealTree ├── parse-json@2.2.0
122 silly idealTree ├── parse5@1.5.1
122 silly idealTree ├── parseurl@1.3.1
122 silly idealTree ├── path-array@1.0.1
122 silly idealTree ├── path-exists@1.0.0
122 silly idealTree ├── path-is-absolute@1.0.1
122 silly idealTree ├── path-parse@1.0.5
122 silly idealTree ├── path-to-regexp@0.1.7
122 silly idealTree ├── path-type@1.1.0
122 silly idealTree ├── pify@2.3.0
122 silly idealTree ├── pinkie-promise@2.0.1
122 silly idealTree ├── pinkie@2.0.4
122 silly idealTree ├── postcss-calc@5.3.1
122 silly idealTree ├── postcss-colormin@2.2.1
122 silly idealTree ├── postcss-convert-values@2.4.1
122 silly idealTree ├── postcss-discard-comments@2.0.4
122 silly idealTree ├── postcss-discard-duplicates@2.0.1
122 silly idealTree ├── postcss-discard-empty@2.1.0
122 silly idealTree ├── postcss-discard-overridden@0.1.1
122 silly idealTree ├── postcss-discard-unused@2.2.2
122 silly idealTree ├── postcss-filter-plugins@2.0.2
122 silly idealTree ├── postcss-merge-idents@2.1.7
122 silly idealTree ├── postcss-merge-longhand@2.0.1
122 silly idealTree ├── postcss-merge-rules@2.0.10
122 silly idealTree ├── postcss-message-helpers@2.0.0
122 silly idealTree ├── postcss-minify-font-values@1.0.5
122 silly idealTree ├── postcss-minify-gradients@1.0.4
122 silly idealTree ├── postcss-minify-params@1.0.5
122 silly idealTree ├── postcss-minify-selectors@2.0.5
122 silly idealTree ├── postcss-modules-extract-imports@1.0.1
122 silly idealTree ├── postcss-modules-local-by-default@1.1.1
122 silly idealTree ├── postcss-modules-scope@1.0.2
122 silly idealTree ├── postcss-modules-values@1.2.2
122 silly idealTree ├── postcss-normalize-charset@1.1.0
122 silly idealTree ├── postcss-normalize-url@3.0.7
122 silly idealTree ├── postcss-ordered-values@2.2.2
122 silly idealTree ├── postcss-reduce-idents@2.3.1
122 silly idealTree ├── postcss-reduce-initial@1.0.0
122 silly idealTree ├── postcss-reduce-transforms@1.0.3
122 silly idealTree ├── postcss-selector-parser@2.2.1
122 silly idealTree ├── postcss-svgo@2.1.5
122 silly idealTree ├── postcss-unique-selectors@2.0.2
122 silly idealTree ├── postcss-value-parser@3.3.0
122 silly idealTree ├── postcss-zindex@2.1.1
122 silly idealTree ├─┬ postcss@5.2.5
122 silly idealTree │ └── supports-color@3.1.2
122 silly idealTree ├── prelude-ls@1.1.2
122 silly idealTree ├── prepend-http@1.0.4
122 silly idealTree ├── preserve@0.2.0
122 silly idealTree ├── pretty-format@4.2.1
122 silly idealTree ├── private@0.1.6
122 silly idealTree ├── process-nextick-args@1.0.7
122 silly idealTree ├── promise@7.1.1
122 silly idealTree ├── proxy-addr@1.1.2
122 silly idealTree ├── prr@0.0.0
122 silly idealTree ├── pseudomap@1.0.2
122 silly idealTree ├── q@1.4.1
122 silly idealTree ├── qs@6.2.0
122 silly idealTree ├── query-string@4.2.3
122 silly idealTree ├── quill-delta@3.4.3
122 silly idealTree ├─┬ quill@1.1.6
122 silly idealTree │ └── clone@2.1.0
122 silly idealTree ├── randomatic@1.1.5
122 silly idealTree ├── range-parser@1.2.0
122 silly idealTree ├── raw-body@2.1.7
122 silly idealTree ├── react-dom@15.3.2
122 silly idealTree ├── react-redux@4.4.5
122 silly idealTree ├── react@15.3.2
122 silly idealTree ├── read-pkg-up@1.0.1
122 silly idealTree ├── read-pkg@1.1.0
122 silly idealTree ├── readable-stream@1.1.14
122 silly idealTree ├── redent@1.0.0
122 silly idealTree ├── redeyed@1.0.0
122 silly idealTree ├── reduce-css-calc@1.3.0
122 silly idealTree ├─┬ reduce-function-call@1.0.1
122 silly idealTree │ └── balanced-match@0.1.0
122 silly idealTree ├── redux-logger@2.7.0
122 silly idealTree ├── redux-mock-store@1.2.1
122 silly idealTree ├── redux-thunk@2.1.0
122 silly idealTree ├── redux@3.6.0
122 silly idealTree ├── regenerate@1.3.1
122 silly idealTree ├── regenerator-runtime@0.9.5
122 silly idealTree ├── regex-cache@0.4.3
122 silly idealTree ├── regexpu-core@1.0.0
122 silly idealTree ├── regjsgen@0.2.0
122 silly idealTree ├─┬ regjsparser@0.1.5
122 silly idealTree │ └── jsesc@0.5.0
122 silly idealTree ├── repeat-element@1.1.2
122 silly idealTree ├── repeat-string@1.6.1
122 silly idealTree ├── repeating@1.1.3
122 silly idealTree ├─┬ request@2.75.0
122 silly idealTree │ └── qs@6.2.1
122 silly idealTree ├── require-directory@2.1.1
122 silly idealTree ├── require-main-filename@1.0.1
122 silly idealTree ├── resolve@1.1.7
122 silly idealTree ├── retry-as-promised@2.1.0
122 silly idealTree ├── right-align@0.1.3
122 silly idealTree ├── rimraf@2.5.4
122 silly idealTree ├── samsam@1.1.2
122 silly idealTree ├── sane@1.4.1
122 silly idealTree ├── sass-graph@2.1.2
122 silly idealTree ├─┬ sass-loader@4.0.2
122 silly idealTree │ └── async@2.1.2
122 silly idealTree ├── sax@1.2.1
122 silly idealTree ├── semver@5.3.0
122 silly idealTree ├── send@0.14.1
122 silly idealTree ├── sendgrid-rest@2.3.0
122 silly idealTree ├── sendgrid@4.7.1
122 silly idealTree ├─┬ sequelize@3.24.5
122 silly idealTree │ └── lodash@4.12.0
122 silly idealTree ├── serve-static@1.11.1
122 silly idealTree ├── set-blocking@2.0.0
122 silly idealTree ├── setprototypeof@1.0.1
122 silly idealTree ├── shebang-regex@1.0.0
122 silly idealTree ├── shellwords@0.1.0
122 silly idealTree ├── shimmer@1.1.0
122 silly idealTree ├── signal-exit@3.0.1
122 silly idealTree ├── sinon@1.17.6
122 silly idealTree ├── slash@1.0.0
122 silly idealTree ├── sntp@1.0.9
122 silly idealTree ├── sort-keys@1.1.2
122 silly idealTree ├── source-list-map@0.1.6
122 silly idealTree ├── source-map-support@0.4.5
122 silly idealTree ├── source-map@0.5.6
122 silly idealTree ├── spdx-correct@1.0.2
122 silly idealTree ├── spdx-expression-parse@1.0.4
122 silly idealTree ├── spdx-license-ids@1.2.2
122 silly idealTree ├── sprintf-js@1.0.3
122 silly idealTree ├── sqlstring@2.0.1
122 silly idealTree ├─┬ sshpk@1.10.1
122 silly idealTree │ └── assert-plus@1.0.0
122 silly idealTree ├── statuses@1.3.0
122 silly idealTree ├── stream-consume@0.1.0
122 silly idealTree ├── streamsearch@0.1.2
122 silly idealTree ├── strict-uri-encode@1.1.0
122 silly idealTree ├── string_decoder@0.10.31
122 silly idealTree ├── string-width@1.0.2
122 silly idealTree ├── string.prototype.codepointat@0.2.0
122 silly idealTree ├── stringstream@0.0.5
122 silly idealTree ├── strip-ansi@3.0.1
122 silly idealTree ├── strip-bom@2.0.0
122 silly idealTree ├── strip-indent@1.0.1
122 silly idealTree ├── style-loader@0.13.1
122 silly idealTree ├── supports-color@2.0.0
122 silly idealTree ├── svgo@0.7.1
122 silly idealTree ├── symbol-observable@1.0.4
122 silly idealTree ├── symbol-tree@3.1.4
122 silly idealTree ├── tar@2.2.1
122 silly idealTree ├── terraformer-wkt-parser@1.1.2
122 silly idealTree ├── terraformer@1.0.7
122 silly idealTree ├── test-exclude@2.1.3
122 silly idealTree ├── testcheck@0.1.4
122 silly idealTree ├── throat@3.0.0
122 silly idealTree ├── tmpl@1.0.4
122 silly idealTree ├── to-fast-properties@1.0.2
122 silly idealTree ├── topo@1.1.0
122 silly idealTree ├── toposort-class@1.0.1
122 silly idealTree ├── tough-cookie@2.3.1
122 silly idealTree ├── tr46@0.0.3
122 silly idealTree ├── trim-newlines@1.0.0
122 silly idealTree ├── tunnel-agent@0.4.3
122 silly idealTree ├── tweetnacl@0.14.3
122 silly idealTree ├── type-check@0.3.2
122 silly idealTree ├── type-detect@1.0.0
122 silly idealTree ├── type-is@1.6.13
122 silly idealTree ├── typedarray@0.0.6
122 silly idealTree ├── ua-parser-js@0.7.10
122 silly idealTree ├─┬ uglify-js
122 silly idealTree │ ├── async@0.2.10
122 silly idealTree │ ├── camelcase@1.2.1
122 silly idealTree │ ├── cliui@2.1.0
122 silly idealTree │ ├── window-size@0.1.0
122 silly idealTree │ ├── wordwrap@0.0.2
122 silly idealTree │ └── yargs@3.10.0
122 silly idealTree ├── uglify-to-browserify@1.0.2
122 silly idealTree ├── uid@0.0.2
122 silly idealTree ├── uniq@1.0.1
122 silly idealTree ├── uniqid@4.1.0
122 silly idealTree ├── uniqs@2.0.0
122 silly idealTree ├── unpipe@1.0.0
122 silly idealTree ├── user-home@1.1.1
122 silly idealTree ├── util-deprecate@1.0.2
122 silly idealTree ├─┬ util@0.10.3
122 silly idealTree │ └── inherits@2.0.1
122 silly idealTree ├── utils-merge@1.0.0
122 silly idealTree ├── validate-npm-package-license@3.0.1
122 silly idealTree ├── validator@5.7.0
122 silly idealTree ├── vary@1.1.0
122 silly idealTree ├── vendors@1.0.1
122 silly idealTree ├── verror@1.3.6
122 silly idealTree ├── walker@1.0.7
122 silly idealTree ├── watch@0.10.0
122 silly idealTree ├── webidl-conversions@3.0.1
122 silly idealTree ├── whatwg-encoding@1.0.1
122 silly idealTree ├── whatwg-fetch@1.0.0
122 silly idealTree ├── whatwg-url@3.0.0
122 silly idealTree ├── whet.extend@0.9.9
122 silly idealTree ├── which-module@1.0.0
122 silly idealTree ├── which@1.2.11
122 silly idealTree ├── wide-align@1.1.0
122 silly idealTree ├── window-size@0.2.0
122 silly idealTree ├── wkx@0.2.0
122 silly idealTree ├── wordwrap@1.0.0
122 silly idealTree ├── worker-farm@1.3.1
122 silly idealTree ├── wrap-ansi@2.0.0
122 silly idealTree ├── wrappy@1.0.2
122 silly idealTree ├── xml-name-validator@2.0.1
122 silly idealTree ├── xtend@4.0.1
122 silly idealTree ├── y18n@3.2.1
122 silly idealTree ├── yallist@2.0.0
122 silly idealTree ├─┬ yargs-parser@2.4.1
122 silly idealTree │ └── camelcase@3.0.0
122 silly idealTree └── yargs@4.8.1
123 silly generateActionsToTake Starting
124 silly install generateActionsToTake
125 silly generateActionsToTake Finishing
126 silly diffTrees action count 2
127 silly diffTrees add node-base64@0.0.1
128 silly diffTrees add jwt@0.2.0
129 silly decomposeActions action count 16
130 silly decomposeActions fetch node-base64@0.0.1
131 silly decomposeActions extract node-base64@0.0.1
132 silly decomposeActions test node-base64@0.0.1
133 silly decomposeActions preinstall node-base64@0.0.1
134 silly decomposeActions build node-base64@0.0.1
135 silly decomposeActions install node-base64@0.0.1
136 silly decomposeActions postinstall node-base64@0.0.1
137 silly decomposeActions finalize node-base64@0.0.1
138 silly decomposeActions fetch jwt@0.2.0
139 silly decomposeActions extract jwt@0.2.0
140 silly decomposeActions test jwt@0.2.0
141 silly decomposeActions preinstall jwt@0.2.0
142 silly decomposeActions build jwt@0.2.0
143 silly decomposeActions install jwt@0.2.0
144 silly decomposeActions postinstall jwt@0.2.0
145 silly decomposeActions finalize jwt@0.2.0
146 silly executeActions Starting
147 silly install executeActions
148 silly doSerial global-install 0
149 silly doParallel fetch 2
150 verbose correctMkdir /Users/dev/.npm/_locks correctMkdir not in flight; initializing
151 verbose lock using /Users/dev/.npm/_locks/staging-89712aa392ec534c.lock for /Users/dev/apps/tbd/node_modules/.staging
152 silly doParallel extract 2
153 silly extract node-base64@0.0.1
154 silly extract jwt@0.2.0
155 verbose unbuild node_modules/.staging/node-base64-d4a3041d
156 verbose unbuild node_modules/.staging/jwt-7f42f8a0
157 silly gentlyRm /Users/dev/apps/tbd/node_modules/.staging/node-base64-d4a3041d is being purged from base /Users/dev/apps/tbd
158 verbose gentlyRm don't care about contents; nuking /Users/dev/apps/tbd/node_modules/.staging/node-base64-d4a3041d
159 silly gentlyRm /Users/dev/apps/tbd/node_modules/.staging/jwt-7f42f8a0 is being purged from base /Users/dev/apps/tbd
160 verbose gentlyRm don't care about contents; nuking /Users/dev/apps/tbd/node_modules/.staging/jwt-7f42f8a0
161 verbose tar unpack /Users/dev/.npm/node-base64/0.0.1/package.tgz
162 verbose tar unpacking to /Users/dev/apps/tbd/node_modules/.staging/node-base64-d4a3041d
163 silly gentlyRm /Users/dev/apps/tbd/node_modules/.staging/node-base64-d4a3041d is being purged
164 verbose gentlyRm don't care about contents; nuking /Users/dev/apps/tbd/node_modules/.staging/node-base64-d4a3041d
165 verbose tar unpack /Users/dev/.npm/jwt/0.2.0/package.tgz
166 verbose tar unpacking to /Users/dev/apps/tbd/node_modules/.staging/jwt-7f42f8a0
167 silly gentlyRm /Users/dev/apps/tbd/node_modules/.staging/jwt-7f42f8a0 is being purged
168 verbose gentlyRm don't care about contents; nuking /Users/dev/apps/tbd/node_modules/.staging/jwt-7f42f8a0
169 silly gunzTarPerm modes [ '755', '644' ]
170 silly gunzTarPerm modes [ '755', '644' ]
171 silly gunzTarPerm extractEntry
172 silly gunzTarPerm extractEntry .npmignore
173 silly gunzTarPerm extractEntry lib/
174 silly gunzTarPerm extractEntry lib/jwt.js
175 silly gunzTarPerm extractEntry .gitignore
176 silly gunzTarPerm extractEntry base64.cc
177 silly gunzTarPerm extractEntry install.sh
178 silly gunzTarPerm extractEntry js_base64_for_comparsion.js
179 silly gunzTarPerm extractEntry makefile
180 silly gunzTarPerm extractEntry package.json
181 silly gunzTarPerm extractEntry README.md
182 silly gunzTarPerm extractEntry package.json
183 silly gunzTarPerm extractEntry README.md
184 silly gunzTarPerm extractEntry test.js
185 silly gunzTarPerm extractEntry test.php
186 silly gunzTarPerm extractEntry wscript
187 silly gentlyRm /Users/dev/apps/tbd/node_modules/.staging/jwt-7f42f8a0/node_modules is being purged
188 verbose gentlyRm don't care about contents; nuking /Users/dev/apps/tbd/node_modules/.staging/jwt-7f42f8a0/node_modules
189 silly gentlyRm /Users/dev/apps/tbd/node_modules/.staging/node-base64-d4a3041d/node_modules is being purged
190 verbose gentlyRm don't care about contents; nuking /Users/dev/apps/tbd/node_modules/.staging/node-base64-d4a3041d/node_modules
191 silly doParallel preinstall 2
192 silly preinstall node-base64@0.0.1 /Users/dev/apps/tbd/node_modules/.staging/node-base64-d4a3041d
193 info lifecycle node-base64@0.0.1~preinstall: node-base64@0.0.1
194 silly preinstall jwt@0.2.0 /Users/dev/apps/tbd/node_modules/.staging/jwt-7f42f8a0
195 info lifecycle jwt@0.2.0~preinstall: jwt@0.2.0
196 silly lifecycle node-base64@0.0.1~preinstall: no script for preinstall, continuing
197 silly lifecycle jwt@0.2.0~preinstall: no script for preinstall, continuing
198 silly doReverseSerial remove 0
199 silly doSerial move 0
200 silly doSerial finalize 2
201 silly finalize /Users/dev/apps/tbd/node_modules/node-base64
202 silly finalize /Users/dev/apps/tbd/node_modules/jwt
203 silly doSerial build 2
204 silly build node-base64@0.0.1
205 info linkStuff node-base64@0.0.1
206 silly linkStuff node-base64@0.0.1 has /Users/dev/apps/tbd/node_modules as its parent node_modules
207 verbose linkBins node-base64@0.0.1
208 verbose linkMans node-base64@0.0.1
209 silly build jwt@0.2.0
210 info linkStuff jwt@0.2.0
211 silly linkStuff jwt@0.2.0 has /Users/dev/apps/tbd/node_modules as its parent node_modules
212 verbose linkBins jwt@0.2.0
213 verbose linkMans jwt@0.2.0
214 silly doSerial global-link 0
215 silly doParallel update-linked 0
216 silly doSerial install 2
217 silly install node-base64@0.0.1 /Users/dev/apps/tbd/node_modules/.staging/node-base64-d4a3041d
218 info lifecycle node-base64@0.0.1~install: node-base64@0.0.1
219 verbose lifecycle node-base64@0.0.1~install: unsafe-perm in lifecycle true
220 verbose lifecycle node-base64@0.0.1~install: PATH: /usr/local/lib/node_modules/npm/bin/node-gyp-bin:/Users/dev/apps/tbd/node_modules/node-base64/node_modules/.bin:/Users/dev/apps/tbd/node_modules/.bin:/usr/local/bin:/Users/dev/google-cloud-sdk/bin:/Users/dev/.yarn/bin:/Users/dev/.rbenv/shims:/usr/local/bin:/usr/bin:/bin:/usr/sbin:/sbin
221 verbose lifecycle node-base64@0.0.1~install: CWD: /Users/dev/apps/tbd/node_modules/node-base64
222 silly lifecycle node-base64@0.0.1~install: Args: [ '-c', './install.sh' ]
223 info lifecycle node-base64@0.0.1~install: Failed to exec install script
224 verbose unlock done using /Users/dev/.npm/_locks/staging-89712aa392ec534c.lock for /Users/dev/apps/tbd/node_modules/.staging
225 silly rollbackFailedOptional Starting
226 silly rollbackFailedOptional Finishing
227 silly runTopLevelLifecycles Starting
228 silly runTopLevelLifecycles Finishing
229 silly install printInstalled
230 warn enoent ENOENT: no such file or directory, open '/Users/dev/apps/tbd/node_modules/uglify-js/package.json'
231 warn babel-loader@6.2.5 requires a peer of webpack@1 || ^2.1.0-beta but none was installed.
232 warn sass-loader@4.0.2 requires a peer of webpack@^1.12.6 || ^2.1.0-beta but none was installed.
233 verbose stack Error: node-base64@0.0.1 install: `./install.sh`
233 verbose stack spawn ENOENT
233 verbose stack     at ChildProcess.<anonymous> (/usr/local/lib/node_modules/npm/lib/utils/spawn.js:33:16)
233 verbose stack     at emitTwo (events.js:106:13)
233 verbose stack     at ChildProcess.emit (events.js:191:7)
233 verbose stack     at maybeClose (internal/child_process.js:850:16)
233 verbose stack     at Process.ChildProcess._handle.onexit (internal/child_process.js:215:5)
234 verbose pkgid node-base64@0.0.1
235 verbose cwd /Users/dev/apps/tbd
236 error Darwin 15.5.0
237 error argv "/usr/local/bin/node" "/usr/local/bin/npm" "i" "-S" "jwt"
238 error node v6.1.0
239 error npm  v3.10.3
240 error file sh
241 error code ELIFECYCLE
242 error errno ENOENT
243 error syscall spawn
244 error node-base64@0.0.1 install: `./install.sh`
244 error spawn ENOENT
245 error Failed at the node-base64@0.0.1 install script './install.sh'.
245 error Make sure you have the latest version of node.js and npm installed.
245 error If you do, this is most likely a problem with the node-base64 package,
245 error not with npm itself.
245 error Tell the author that this fails on your system:
245 error     ./install.sh
245 error You can get information on how to open an issue for this project with:
245 error     npm bugs node-base64
245 error Or if that isn't available, you can get their info via:
245 error     npm owner ls node-base64
245 error There is likely additional logging output above.
246 verbose exit [ 1, true ]
